------------------------------
YES, the Graph is 2-colourable
------------------------------
Output of valid colouring:
Vertex	Colour
1	BLACK
2	WHITE
3	WHITE
4	WHITE
5	WHITE
6	BLACK
7	BLACK
8	BLACK
9	WHITE
10	WHITE
11	WHITE
12	WHITE
13	BLACK
14	BLACK
15	BLACK
16	BLACK
17	WHITE
18	BLACK
19	WHITE
20	BLACK
21	WHITE
22	WHITE
23	WHITE
24	BLACK
25	BLACK
26	WHITE
27	BLACK
28	WHITE
29	WHITE
30	BLACK
31	BLACK
32	BLACK
33	WHITE
34	WHITE
35	WHITE
36	WHITE
37	BLACK
38	WHITE
39	BLACK
40	WHITE
41	BLACK
42	WHITE
43	BLACK
44	BLACK
45	BLACK
46	BLACK
47	BLACK
48	WHITE
49	BLACK
50	BLACK
51	WHITE
52	WHITE
53	WHITE
54	BLACK
55	WHITE
56	BLACK
57	BLACK
58	WHITE
59	BLACK
60	WHITE
61	WHITE
62	WHITE
63	BLACK
64	WHITE
65	WHITE
66	WHITE
67	WHITE
68	WHITE
69	BLACK
70	WHITE
71	WHITE
72	WHITE
73	WHITE
74	WHITE
75	BLACK
76	BLACK
77	WHITE
78	WHITE
79	WHITE
80	WHITE
81	BLACK
82	BLACK
83	WHITE
84	WHITE
85	BLACK
86	BLACK
87	BLACK
88	BLACK
89	WHITE
90	WHITE
91	BLACK
92	BLACK
93	WHITE
94	WHITE
95	WHITE
96	BLACK
97	BLACK
98	WHITE
99	BLACK
100	BLACK
101	WHITE
102	WHITE
103	WHITE
104	WHITE
105	WHITE
106	WHITE
107	WHITE
108	BLACK
109	BLACK
110	WHITE
111	WHITE
112	WHITE
113	WHITE
114	BLACK
115	BLACK
116	WHITE
117	BLACK
118	BLACK
119	WHITE
120	BLACK
121	WHITE
122	WHITE
123	WHITE
124	BLACK
125	WHITE
126	WHITE
127	BLACK
128	WHITE
129	BLACK
130	WHITE
131	BLACK
132	BLACK
133	BLACK
134	BLACK
135	WHITE
136	WHITE
137	WHITE
138	WHITE
139	BLACK
140	WHITE
141	BLACK
142	BLACK
143	BLACK
144	WHITE
145	WHITE
146	BLACK
147	BLACK
148	WHITE
149	WHITE
150	BLACK
151	BLACK
152	WHITE
153	WHITE
154	WHITE
155	WHITE
156	BLACK
157	BLACK
158	BLACK
159	BLACK
160	BLACK
161	BLACK
162	WHITE
163	WHITE
164	BLACK
165	WHITE
166	WHITE
167	WHITE
168	WHITE
169	WHITE
170	BLACK
171	BLACK
172	BLACK
173	WHITE
174	BLACK
175	BLACK
176	WHITE
177	WHITE
178	WHITE
179	BLACK
180	WHITE
181	WHITE
182	BLACK
183	BLACK
184	WHITE
185	BLACK
186	WHITE
187	WHITE
188	WHITE
189	WHITE
190	WHITE
191	BLACK
192	BLACK
193	BLACK
194	WHITE
195	WHITE
196	WHITE
197	BLACK
198	BLACK
199	BLACK
200	WHITE
201	WHITE
202	WHITE
203	WHITE
204	BLACK
205	BLACK
206	BLACK
207	WHITE
208	WHITE
209	WHITE
210	BLACK
211	WHITE
212	BLACK
213	WHITE
214	WHITE
215	WHITE
216	WHITE
217	BLACK
218	BLACK
219	BLACK
220	WHITE
221	WHITE
222	WHITE
223	WHITE
224	BLACK
225	WHITE
226	WHITE
227	WHITE
228	BLACK
229	WHITE
230	WHITE
231	BLACK
232	WHITE
233	WHITE
234	WHITE
235	WHITE
236	BLACK
237	BLACK
238	WHITE
239	WHITE
240	WHITE
241	BLACK
242	BLACK
243	WHITE
244	WHITE
245	BLACK
246	WHITE
247	WHITE
248	WHITE
249	BLACK
250	BLACK
251	WHITE
252	WHITE
253	BLACK
254	WHITE
255	BLACK
256	WHITE
257	BLACK
258	WHITE
259	WHITE
260	BLACK
261	BLACK
262	BLACK
263	WHITE
264	BLACK
265	BLACK
266	BLACK
267	WHITE
268	WHITE
269	BLACK
270	WHITE
271	WHITE
272	WHITE
273	BLACK
274	BLACK
275	BLACK
276	WHITE
277	BLACK
278	WHITE
279	BLACK
280	WHITE
281	WHITE
282	WHITE
283	WHITE
284	BLACK
285	BLACK
286	WHITE
287	WHITE
288	WHITE
289	WHITE
290	BLACK
291	BLACK
292	WHITE
293	BLACK
294	BLACK
295	BLACK
296	BLACK
297	BLACK
298	BLACK
299	WHITE
300	BLACK
301	WHITE
302	BLACK
303	WHITE
304	BLACK
305	WHITE
306	WHITE
307	BLACK
308	WHITE
309	BLACK
310	WHITE
311	WHITE
312	WHITE
313	WHITE
314	WHITE
315	BLACK
316	WHITE
317	BLACK
318	WHITE
319	BLACK
320	WHITE
321	WHITE
322	WHITE
323	WHITE
324	BLACK
325	BLACK
326	BLACK
327	WHITE
328	BLACK
329	BLACK
330	WHITE
331	BLACK
332	WHITE
333	BLACK
334	WHITE
335	BLACK
336	WHITE
337	BLACK
338	BLACK
339	BLACK
340	BLACK
341	BLACK
342	WHITE
343	BLACK
344	BLACK
345	BLACK
346	BLACK
347	WHITE
348	BLACK
349	WHITE
350	BLACK
351	BLACK
352	BLACK
353	WHITE
354	BLACK
355	BLACK
356	WHITE
357	WHITE
358	BLACK
359	BLACK
360	WHITE
361	WHITE
362	BLACK
363	WHITE
364	BLACK
365	WHITE
366	WHITE
367	BLACK
368	BLACK
369	WHITE
370	BLACK
371	BLACK
372	BLACK
373	WHITE
374	BLACK
375	WHITE
376	WHITE
377	WHITE
378	BLACK
379	WHITE
380	WHITE
381	BLACK
382	WHITE
383	BLACK
384	BLACK
385	WHITE
386	WHITE
387	BLACK
388	BLACK
389	BLACK
390	BLACK
391	BLACK
392	BLACK
393	WHITE
394	BLACK
395	WHITE
396	WHITE
397	WHITE
398	WHITE
399	WHITE
400	BLACK
401	BLACK
402	BLACK
403	WHITE
404	BLACK
405	WHITE
406	BLACK
407	BLACK
408	WHITE
409	BLACK
410	BLACK
411	WHITE
412	WHITE
413	BLACK
414	BLACK
415	WHITE
416	BLACK
417	WHITE
418	BLACK
419	BLACK
420	BLACK
421	WHITE
422	BLACK
423	WHITE
424	WHITE
425	BLACK
426	WHITE
427	WHITE
428	BLACK
429	BLACK
430	WHITE
431	WHITE
432	WHITE
433	WHITE
434	WHITE
435	WHITE
436	BLACK
437	WHITE
438	WHITE
439	WHITE
440	WHITE
441	BLACK
442	BLACK
443	WHITE
444	BLACK
445	BLACK
446	WHITE
447	WHITE
448	BLACK
449	BLACK
450	WHITE
451	BLACK
452	BLACK
453	WHITE
454	WHITE
455	WHITE
456	WHITE
457	WHITE
458	WHITE
459	BLACK
460	WHITE
461	WHITE
462	WHITE
463	WHITE
464	WHITE
465	BLACK
466	BLACK
467	BLACK
468	WHITE
469	BLACK
470	WHITE
471	BLACK
472	BLACK
473	WHITE
474	BLACK
475	BLACK
476	BLACK
477	WHITE
478	BLACK
479	WHITE
480	WHITE
481	WHITE
482	BLACK
483	BLACK
484	BLACK
485	BLACK
486	WHITE
487	WHITE
488	BLACK
489	BLACK
490	WHITE
491	BLACK
492	BLACK
493	BLACK
494	WHITE
495	BLACK
496	WHITE
497	BLACK
498	WHITE
499	WHITE
500	WHITE
501	WHITE
502	WHITE
503	BLACK
504	WHITE
505	WHITE
506	BLACK
507	WHITE
508	BLACK
509	WHITE
510	BLACK
511	BLACK
512	WHITE
513	BLACK
514	WHITE
515	BLACK
516	BLACK
517	BLACK
518	BLACK
519	WHITE
520	WHITE
521	BLACK
522	WHITE
523	WHITE
524	WHITE
525	BLACK
526	BLACK
527	WHITE
528	BLACK
529	BLACK
530	WHITE
531	BLACK
532	BLACK
533	WHITE
534	WHITE
535	WHITE
536	WHITE
537	BLACK
538	BLACK
539	WHITE
540	BLACK
541	BLACK
542	WHITE
543	WHITE
544	WHITE
545	BLACK
546	WHITE
547	BLACK
548	WHITE
549	BLACK
550	BLACK
551	WHITE
552	BLACK
553	WHITE
554	WHITE
555	WHITE
556	WHITE
557	BLACK
558	BLACK
559	WHITE
560	WHITE
561	BLACK
562	WHITE
563	WHITE
564	WHITE
565	WHITE
566	WHITE
567	BLACK
568	BLACK
569	BLACK
570	BLACK
571	WHITE
572	WHITE
573	WHITE
574	BLACK
575	BLACK
576	WHITE
577	WHITE
578	BLACK
579	BLACK
580	BLACK
581	WHITE
582	BLACK
583	BLACK
584	BLACK
585	BLACK
586	WHITE
587	BLACK
588	BLACK
589	WHITE
590	WHITE
591	BLACK
592	BLACK
593	BLACK
594	BLACK
595	BLACK
596	WHITE
597	BLACK
598	WHITE
599	WHITE
600	BLACK
601	WHITE
602	BLACK
603	WHITE
604	BLACK
605	WHITE
606	BLACK
607	BLACK
608	BLACK
609	BLACK
610	BLACK
611	BLACK
612	WHITE
613	BLACK
614	WHITE
615	WHITE
616	BLACK
617	WHITE
618	BLACK
619	BLACK
620	BLACK
621	BLACK
622	BLACK
623	BLACK
624	WHITE
625	WHITE
626	WHITE
627	BLACK
628	BLACK
629	WHITE
630	WHITE
631	BLACK
632	BLACK
633	WHITE
634	BLACK
635	WHITE
636	WHITE
637	WHITE
638	BLACK
639	BLACK
640	WHITE
641	BLACK
642	WHITE
643	BLACK
644	WHITE
645	WHITE
646	BLACK
647	BLACK
648	WHITE
649	WHITE
650	BLACK
651	BLACK
652	BLACK
653	BLACK
654	BLACK
655	BLACK
656	BLACK
657	BLACK
658	BLACK
659	WHITE
660	BLACK
661	BLACK
662	BLACK
663	WHITE
664	BLACK
665	BLACK
666	WHITE
667	BLACK
668	WHITE
669	BLACK
670	WHITE
671	WHITE
672	BLACK
673	BLACK
674	BLACK
675	WHITE
676	WHITE
677	BLACK
678	BLACK
679	WHITE
680	BLACK
681	BLACK
682	BLACK
683	BLACK
684	WHITE
685	WHITE
686	WHITE
687	WHITE
688	BLACK
689	BLACK
690	WHITE
691	WHITE
692	BLACK
693	WHITE
694	BLACK
695	WHITE
696	WHITE
697	WHITE
698	BLACK
699	WHITE
700	WHITE
701	WHITE
702	WHITE
703	WHITE
704	BLACK
705	WHITE
706	BLACK
707	WHITE
708	WHITE
709	BLACK
710	BLACK
711	WHITE
712	BLACK
713	WHITE
714	BLACK
715	WHITE
716	WHITE
717	WHITE
718	WHITE
719	WHITE
720	WHITE
721	BLACK
722	BLACK
723	BLACK
724	WHITE
725	BLACK
726	WHITE
727	BLACK
728	WHITE
729	BLACK
730	WHITE
731	BLACK
732	WHITE
733	BLACK
734	BLACK
735	WHITE
736	BLACK
737	BLACK
738	WHITE
739	WHITE
740	BLACK
741	BLACK
742	WHITE
743	WHITE
744	BLACK
745	WHITE
746	WHITE
747	BLACK
748	BLACK
749	BLACK
750	WHITE
751	BLACK
752	WHITE
753	WHITE
754	WHITE
755	WHITE
756	BLACK
757	WHITE
758	WHITE
759	BLACK
760	BLACK
761	WHITE
762	BLACK
763	WHITE
764	BLACK
765	WHITE
766	WHITE
767	WHITE
768	WHITE
769	BLACK
770	BLACK
771	WHITE
772	WHITE
773	BLACK
774	BLACK
775	BLACK
776	WHITE
777	WHITE
778	WHITE
779	WHITE
780	BLACK
781	BLACK
782	BLACK
783	WHITE
784	BLACK
785	WHITE
786	BLACK
787	WHITE
788	BLACK
789	BLACK
790	WHITE
791	BLACK
792	BLACK
793	WHITE
794	BLACK
795	WHITE
796	BLACK
797	WHITE
798	WHITE
799	WHITE
800	BLACK
801	BLACK
802	BLACK
803	WHITE
804	WHITE
805	BLACK
806	BLACK
807	BLACK
808	BLACK
809	BLACK
810	BLACK
811	WHITE
812	BLACK
813	BLACK
814	WHITE
815	BLACK
816	BLACK
817	WHITE
818	WHITE
819	WHITE
820	WHITE
821	BLACK
822	WHITE
823	WHITE
824	BLACK
825	BLACK
826	WHITE
827	WHITE
828	WHITE
829	WHITE
830	BLACK
831	WHITE
832	WHITE
833	WHITE
834	WHITE
835	BLACK
836	WHITE
837	WHITE
838	WHITE
839	WHITE
840	BLACK
841	BLACK
842	BLACK
843	BLACK
844	WHITE
845	WHITE
846	WHITE
847	BLACK
848	BLACK
849	BLACK
850	BLACK
851	WHITE
852	BLACK
853	WHITE
854	BLACK
855	BLACK
856	BLACK
857	BLACK
858	BLACK
859	WHITE
860	WHITE
861	WHITE
862	WHITE
863	BLACK
864	BLACK
865	BLACK
866	BLACK
867	WHITE
868	WHITE
869	BLACK
870	BLACK
871	BLACK
872	WHITE
873	BLACK
874	BLACK
875	WHITE
876	BLACK
877	BLACK
878	BLACK
879	WHITE
880	WHITE
881	BLACK
882	WHITE
883	WHITE
884	BLACK
885	BLACK
886	WHITE
887	BLACK
888	WHITE
889	WHITE
890	WHITE
891	WHITE
892	WHITE
893	WHITE
894	BLACK
895	WHITE
896	WHITE
897	BLACK
898	WHITE
899	WHITE
900	WHITE
901	WHITE
902	WHITE
903	BLACK
904	BLACK
905	BLACK
906	BLACK
907	WHITE
908	WHITE
909	WHITE
910	BLACK
911	WHITE
912	WHITE
913	WHITE
914	BLACK
915	WHITE
916	WHITE
917	BLACK
918	WHITE
919	BLACK
920	WHITE
921	BLACK
922	BLACK
923	WHITE
924	WHITE
925	BLACK
926	BLACK
927	BLACK
928	BLACK
929	WHITE
930	WHITE
931	WHITE
932	BLACK
933	WHITE
934	WHITE
935	WHITE
936	BLACK
937	BLACK
938	WHITE
939	WHITE
940	BLACK
941	WHITE
942	WHITE
943	BLACK
944	BLACK
945	WHITE
946	BLACK
947	WHITE
948	WHITE
949	BLACK
950	BLACK
951	BLACK
952	BLACK
953	BLACK
954	WHITE
955	WHITE
956	WHITE
957	WHITE
958	BLACK
959	WHITE
960	BLACK
961	WHITE
962	WHITE
963	WHITE
964	BLACK
965	WHITE
966	BLACK
967	BLACK
968	WHITE
969	WHITE
970	WHITE
971	BLACK
972	WHITE
973	BLACK
974	WHITE
975	WHITE
976	BLACK
977	BLACK
978	BLACK
979	WHITE
980	WHITE
981	BLACK
982	WHITE
983	WHITE
984	WHITE
985	BLACK
986	WHITE
987	BLACK
988	BLACK
989	BLACK
990	BLACK
991	WHITE
992	BLACK
993	BLACK
994	WHITE
995	BLACK
996	WHITE
997	BLACK
998	WHITE
999	WHITE
1000	WHITE
