------------------------------
YES, the Graph is 2-colourable
------------------------------
Output of valid colouring:
Vertex	Colour
1	BLACK
2	WHITE
3	BLACK
4	BLACK
5	BLACK
6	BLACK
7	BLACK
8	BLACK
9	BLACK
10	BLACK
11	WHITE
12	WHITE
13	WHITE
14	BLACK
15	BLACK
16	BLACK
17	BLACK
18	WHITE
19	BLACK
20	WHITE
21	WHITE
22	WHITE
23	BLACK
24	BLACK
25	WHITE
26	WHITE
27	BLACK
28	WHITE
29	WHITE
30	WHITE
31	WHITE
32	WHITE
33	BLACK
34	BLACK
35	BLACK
36	BLACK
37	BLACK
38	WHITE
39	BLACK
40	BLACK
41	BLACK
42	WHITE
43	BLACK
44	WHITE
45	BLACK
46	WHITE
47	BLACK
48	BLACK
49	BLACK
50	BLACK
51	WHITE
52	BLACK
53	BLACK
54	WHITE
55	WHITE
56	BLACK
57	BLACK
58	WHITE
59	WHITE
60	BLACK
61	WHITE
62	BLACK
63	BLACK
64	BLACK
65	BLACK
66	BLACK
67	WHITE
68	WHITE
69	WHITE
70	WHITE
71	WHITE
72	BLACK
73	WHITE
74	WHITE
75	WHITE
76	BLACK
77	BLACK
78	WHITE
79	BLACK
80	BLACK
81	BLACK
82	WHITE
83	WHITE
84	BLACK
85	BLACK
86	BLACK
87	BLACK
88	BLACK
89	BLACK
90	WHITE
91	WHITE
92	WHITE
93	WHITE
94	WHITE
95	WHITE
96	WHITE
97	WHITE
98	WHITE
99	WHITE
100	BLACK
101	WHITE
102	WHITE
103	WHITE
104	BLACK
105	BLACK
106	WHITE
107	BLACK
108	BLACK
109	WHITE
110	BLACK
111	BLACK
112	WHITE
113	BLACK
114	WHITE
115	WHITE
116	WHITE
117	WHITE
118	BLACK
119	BLACK
120	BLACK
121	BLACK
122	WHITE
123	BLACK
124	WHITE
125	WHITE
126	BLACK
127	BLACK
128	BLACK
129	WHITE
130	BLACK
131	WHITE
132	BLACK
133	BLACK
134	WHITE
135	WHITE
136	WHITE
137	WHITE
138	WHITE
139	BLACK
140	WHITE
141	BLACK
142	BLACK
143	WHITE
144	WHITE
145	WHITE
146	BLACK
147	BLACK
148	WHITE
149	BLACK
150	BLACK
151	WHITE
152	BLACK
153	BLACK
154	WHITE
155	BLACK
156	BLACK
157	BLACK
158	BLACK
159	BLACK
160	WHITE
161	WHITE
162	BLACK
163	BLACK
164	WHITE
165	WHITE
166	BLACK
167	WHITE
168	BLACK
169	BLACK
170	BLACK
171	BLACK
172	WHITE
173	BLACK
174	WHITE
175	WHITE
176	BLACK
177	WHITE
178	BLACK
179	WHITE
180	WHITE
181	WHITE
182	WHITE
183	WHITE
184	WHITE
185	WHITE
186	BLACK
187	BLACK
188	BLACK
189	WHITE
190	WHITE
191	WHITE
192	WHITE
193	WHITE
194	BLACK
195	WHITE
196	BLACK
197	WHITE
198	WHITE
199	WHITE
200	WHITE
201	WHITE
202	BLACK
203	WHITE
204	WHITE
205	WHITE
206	BLACK
207	BLACK
208	BLACK
209	WHITE
210	WHITE
211	BLACK
212	WHITE
213	WHITE
214	BLACK
215	BLACK
216	BLACK
217	WHITE
218	BLACK
219	WHITE
220	BLACK
221	WHITE
222	BLACK
223	BLACK
224	WHITE
225	BLACK
226	BLACK
227	WHITE
228	WHITE
229	WHITE
230	WHITE
231	WHITE
232	WHITE
233	BLACK
234	WHITE
235	WHITE
236	WHITE
237	WHITE
238	BLACK
239	BLACK
240	WHITE
241	BLACK
242	WHITE
243	WHITE
244	WHITE
245	WHITE
246	WHITE
247	WHITE
248	WHITE
249	BLACK
250	BLACK
251	BLACK
252	WHITE
253	WHITE
254	WHITE
255	BLACK
256	BLACK
257	BLACK
258	BLACK
259	WHITE
260	BLACK
261	BLACK
262	BLACK
263	BLACK
264	WHITE
265	WHITE
266	WHITE
267	BLACK
268	BLACK
269	WHITE
270	BLACK
271	BLACK
272	BLACK
273	BLACK
274	WHITE
275	BLACK
276	BLACK
277	WHITE
278	WHITE
279	BLACK
280	WHITE
281	WHITE
282	WHITE
283	WHITE
284	WHITE
285	BLACK
286	WHITE
287	WHITE
288	BLACK
289	BLACK
290	BLACK
291	WHITE
292	BLACK
293	BLACK
294	BLACK
295	BLACK
296	BLACK
297	BLACK
298	BLACK
299	BLACK
300	BLACK
301	WHITE
302	BLACK
303	WHITE
304	WHITE
305	BLACK
306	WHITE
307	BLACK
308	WHITE
309	BLACK
310	WHITE
311	WHITE
312	WHITE
313	BLACK
314	WHITE
315	WHITE
316	WHITE
317	WHITE
318	WHITE
319	WHITE
320	WHITE
321	BLACK
322	BLACK
323	BLACK
324	WHITE
325	WHITE
326	WHITE
327	WHITE
328	BLACK
329	BLACK
330	BLACK
331	WHITE
332	WHITE
333	BLACK
334	BLACK
335	BLACK
336	BLACK
337	BLACK
338	BLACK
339	WHITE
340	WHITE
341	WHITE
342	WHITE
343	BLACK
344	WHITE
345	WHITE
346	WHITE
347	BLACK
348	WHITE
349	BLACK
350	BLACK
351	WHITE
352	WHITE
353	WHITE
354	WHITE
355	WHITE
356	WHITE
357	WHITE
358	BLACK
359	BLACK
360	BLACK
361	BLACK
362	WHITE
363	WHITE
364	BLACK
365	BLACK
366	WHITE
367	WHITE
368	WHITE
369	WHITE
370	WHITE
371	WHITE
372	BLACK
373	WHITE
374	BLACK
375	WHITE
376	WHITE
377	BLACK
378	WHITE
379	WHITE
380	WHITE
381	WHITE
382	WHITE
383	WHITE
384	WHITE
385	WHITE
386	WHITE
387	WHITE
388	BLACK
389	BLACK
390	BLACK
391	BLACK
392	BLACK
393	WHITE
394	BLACK
395	WHITE
396	WHITE
397	BLACK
398	BLACK
399	WHITE
400	WHITE
401	BLACK
402	BLACK
403	BLACK
404	WHITE
405	BLACK
406	BLACK
407	BLACK
408	BLACK
409	WHITE
410	BLACK
411	WHITE
412	WHITE
413	WHITE
414	BLACK
415	BLACK
416	WHITE
417	BLACK
418	WHITE
419	WHITE
420	WHITE
421	WHITE
422	BLACK
423	WHITE
424	BLACK
425	WHITE
426	BLACK
427	WHITE
428	BLACK
429	WHITE
430	WHITE
431	WHITE
432	BLACK
433	WHITE
434	BLACK
435	BLACK
436	WHITE
437	BLACK
438	WHITE
439	WHITE
440	WHITE
441	BLACK
442	BLACK
443	BLACK
444	WHITE
445	WHITE
446	BLACK
447	BLACK
448	BLACK
449	WHITE
450	BLACK
451	BLACK
452	BLACK
453	WHITE
454	BLACK
455	WHITE
456	BLACK
457	BLACK
458	WHITE
459	WHITE
460	BLACK
461	BLACK
462	BLACK
463	WHITE
464	WHITE
465	BLACK
466	BLACK
467	BLACK
468	BLACK
469	WHITE
470	WHITE
471	WHITE
472	WHITE
473	WHITE
474	WHITE
475	WHITE
476	WHITE
477	WHITE
478	BLACK
479	WHITE
480	BLACK
481	BLACK
482	WHITE
483	WHITE
484	BLACK
485	BLACK
486	WHITE
487	WHITE
488	WHITE
489	WHITE
490	BLACK
491	BLACK
492	BLACK
493	WHITE
494	BLACK
495	BLACK
496	BLACK
497	BLACK
498	WHITE
499	WHITE
500	BLACK
501	BLACK
502	BLACK
503	WHITE
504	BLACK
505	BLACK
506	WHITE
507	WHITE
508	WHITE
509	BLACK
510	BLACK
511	BLACK
512	BLACK
513	WHITE
514	BLACK
515	WHITE
516	WHITE
517	BLACK
518	WHITE
519	BLACK
520	WHITE
521	WHITE
522	WHITE
523	WHITE
524	BLACK
525	BLACK
526	WHITE
527	BLACK
528	WHITE
529	WHITE
530	BLACK
531	BLACK
532	WHITE
533	WHITE
534	BLACK
535	BLACK
536	WHITE
537	WHITE
538	BLACK
539	WHITE
540	WHITE
541	WHITE
542	WHITE
543	BLACK
544	BLACK
545	BLACK
546	WHITE
547	WHITE
548	WHITE
549	WHITE
550	BLACK
551	BLACK
552	WHITE
553	WHITE
554	WHITE
555	BLACK
556	BLACK
557	BLACK
558	BLACK
559	BLACK
560	WHITE
561	WHITE
562	BLACK
563	WHITE
564	WHITE
565	BLACK
566	WHITE
567	BLACK
568	WHITE
569	WHITE
570	WHITE
571	BLACK
572	WHITE
573	WHITE
574	WHITE
575	BLACK
576	BLACK
577	BLACK
578	WHITE
579	BLACK
580	BLACK
581	BLACK
582	WHITE
583	BLACK
584	BLACK
585	BLACK
586	WHITE
587	BLACK
588	BLACK
589	WHITE
590	WHITE
591	BLACK
592	WHITE
593	WHITE
594	WHITE
595	WHITE
596	WHITE
597	BLACK
598	BLACK
599	WHITE
600	BLACK
601	BLACK
602	WHITE
603	WHITE
604	WHITE
605	BLACK
606	WHITE
607	BLACK
608	WHITE
609	BLACK
610	BLACK
611	BLACK
612	BLACK
613	BLACK
614	BLACK
615	BLACK
616	BLACK
617	WHITE
618	BLACK
619	WHITE
620	WHITE
621	WHITE
622	WHITE
623	WHITE
624	BLACK
625	BLACK
626	BLACK
627	WHITE
628	BLACK
629	WHITE
630	BLACK
631	BLACK
632	WHITE
633	WHITE
634	BLACK
635	BLACK
636	WHITE
637	BLACK
638	WHITE
639	WHITE
640	WHITE
641	WHITE
642	WHITE
643	WHITE
644	WHITE
645	WHITE
646	WHITE
647	WHITE
648	WHITE
649	WHITE
650	WHITE
651	BLACK
652	WHITE
653	WHITE
654	WHITE
655	BLACK
656	WHITE
657	BLACK
658	WHITE
659	BLACK
660	BLACK
661	BLACK
662	WHITE
663	WHITE
664	BLACK
665	BLACK
666	BLACK
667	BLACK
668	WHITE
669	BLACK
670	WHITE
671	BLACK
672	WHITE
673	BLACK
674	WHITE
675	BLACK
676	WHITE
677	BLACK
678	BLACK
679	WHITE
680	WHITE
681	WHITE
682	BLACK
683	BLACK
684	WHITE
685	WHITE
686	WHITE
687	BLACK
688	BLACK
689	WHITE
690	BLACK
691	BLACK
692	WHITE
693	WHITE
694	BLACK
695	BLACK
696	WHITE
697	WHITE
698	WHITE
699	WHITE
700	BLACK
701	WHITE
702	BLACK
703	WHITE
704	BLACK
705	BLACK
706	WHITE
707	WHITE
708	BLACK
709	WHITE
710	BLACK
711	WHITE
712	WHITE
713	WHITE
714	WHITE
715	WHITE
716	BLACK
717	WHITE
718	WHITE
719	WHITE
720	BLACK
721	WHITE
722	WHITE
723	WHITE
724	BLACK
725	WHITE
726	WHITE
727	WHITE
728	WHITE
729	WHITE
730	WHITE
731	BLACK
732	BLACK
733	WHITE
734	WHITE
735	WHITE
736	BLACK
737	WHITE
738	WHITE
739	WHITE
740	WHITE
741	BLACK
742	BLACK
743	WHITE
744	WHITE
745	BLACK
746	BLACK
747	BLACK
748	WHITE
749	WHITE
750	WHITE
751	WHITE
752	BLACK
753	WHITE
754	WHITE
755	BLACK
756	BLACK
757	WHITE
758	WHITE
759	WHITE
760	WHITE
761	WHITE
762	BLACK
763	BLACK
764	BLACK
765	BLACK
766	WHITE
767	WHITE
768	WHITE
769	WHITE
770	BLACK
771	BLACK
772	BLACK
773	WHITE
774	WHITE
775	BLACK
776	BLACK
777	WHITE
778	BLACK
779	BLACK
780	WHITE
781	BLACK
782	WHITE
783	WHITE
784	WHITE
785	BLACK
786	WHITE
787	WHITE
788	BLACK
789	WHITE
790	WHITE
791	WHITE
792	BLACK
793	WHITE
794	BLACK
795	WHITE
796	WHITE
797	BLACK
798	WHITE
799	WHITE
800	BLACK
801	WHITE
802	WHITE
803	WHITE
804	WHITE
805	BLACK
806	BLACK
807	WHITE
808	BLACK
809	BLACK
810	WHITE
811	WHITE
812	WHITE
813	BLACK
814	WHITE
815	BLACK
816	BLACK
817	WHITE
818	WHITE
819	WHITE
820	WHITE
821	BLACK
822	WHITE
823	WHITE
824	BLACK
825	BLACK
826	BLACK
827	BLACK
828	WHITE
829	BLACK
830	BLACK
831	BLACK
832	BLACK
833	WHITE
834	BLACK
835	WHITE
836	BLACK
837	WHITE
838	WHITE
839	BLACK
840	WHITE
841	WHITE
842	BLACK
843	BLACK
844	WHITE
845	BLACK
846	BLACK
847	WHITE
848	BLACK
849	WHITE
850	WHITE
851	WHITE
852	BLACK
853	BLACK
854	BLACK
855	BLACK
856	BLACK
857	WHITE
858	WHITE
859	BLACK
860	WHITE
861	WHITE
862	BLACK
863	WHITE
864	BLACK
865	WHITE
866	WHITE
867	WHITE
868	BLACK
869	BLACK
870	WHITE
871	BLACK
872	BLACK
873	WHITE
874	BLACK
875	WHITE
876	BLACK
877	WHITE
878	WHITE
879	BLACK
880	BLACK
881	WHITE
882	BLACK
883	BLACK
884	BLACK
885	BLACK
886	WHITE
887	WHITE
888	WHITE
889	WHITE
890	BLACK
891	BLACK
892	WHITE
893	WHITE
894	BLACK
895	WHITE
896	WHITE
897	BLACK
898	BLACK
899	WHITE
900	BLACK
901	WHITE
902	BLACK
903	WHITE
904	BLACK
905	BLACK
906	WHITE
907	BLACK
908	BLACK
909	WHITE
910	WHITE
911	BLACK
912	BLACK
913	BLACK
914	BLACK
915	BLACK
916	BLACK
917	BLACK
918	WHITE
919	BLACK
920	BLACK
921	BLACK
922	BLACK
923	BLACK
924	WHITE
925	WHITE
926	WHITE
927	WHITE
928	BLACK
929	BLACK
930	BLACK
931	WHITE
932	WHITE
933	WHITE
934	WHITE
935	BLACK
936	BLACK
937	BLACK
938	BLACK
939	WHITE
940	WHITE
941	BLACK
942	WHITE
943	BLACK
944	BLACK
945	WHITE
946	WHITE
947	BLACK
948	BLACK
949	BLACK
950	BLACK
951	BLACK
952	BLACK
953	WHITE
954	BLACK
955	WHITE
956	BLACK
957	WHITE
958	BLACK
959	WHITE
960	WHITE
961	WHITE
962	WHITE
963	BLACK
964	BLACK
965	WHITE
966	WHITE
967	WHITE
968	WHITE
969	WHITE
970	WHITE
971	BLACK
972	WHITE
973	BLACK
974	WHITE
975	BLACK
976	WHITE
977	BLACK
978	BLACK
979	BLACK
980	WHITE
981	BLACK
982	WHITE
983	WHITE
984	WHITE
985	WHITE
986	BLACK
987	WHITE
988	WHITE
989	WHITE
990	WHITE
991	BLACK
992	BLACK
993	WHITE
994	BLACK
995	BLACK
996	WHITE
997	BLACK
998	BLACK
999	BLACK
1000	BLACK
1001	BLACK
1002	BLACK
1003	BLACK
1004	BLACK
1005	BLACK
1006	BLACK
1007	BLACK
1008	BLACK
1009	BLACK
1010	BLACK
1011	WHITE
1012	WHITE
1013	WHITE
1014	WHITE
1015	BLACK
1016	WHITE
1017	WHITE
1018	WHITE
1019	WHITE
1020	BLACK
1021	BLACK
1022	WHITE
1023	BLACK
1024	BLACK
1025	BLACK
1026	WHITE
1027	WHITE
1028	BLACK
1029	WHITE
1030	BLACK
1031	WHITE
1032	BLACK
1033	BLACK
1034	WHITE
1035	BLACK
1036	WHITE
1037	WHITE
1038	BLACK
1039	WHITE
1040	BLACK
1041	WHITE
1042	BLACK
1043	WHITE
1044	BLACK
1045	WHITE
1046	BLACK
1047	BLACK
1048	WHITE
1049	WHITE
1050	WHITE
1051	WHITE
1052	WHITE
1053	BLACK
1054	BLACK
1055	BLACK
1056	BLACK
1057	WHITE
1058	WHITE
1059	WHITE
1060	BLACK
1061	BLACK
1062	WHITE
1063	BLACK
1064	BLACK
1065	WHITE
1066	BLACK
1067	BLACK
1068	BLACK
1069	WHITE
1070	WHITE
1071	BLACK
1072	BLACK
1073	BLACK
1074	WHITE
1075	WHITE
1076	WHITE
1077	BLACK
1078	WHITE
1079	WHITE
1080	WHITE
1081	BLACK
1082	WHITE
1083	BLACK
1084	WHITE
1085	BLACK
1086	WHITE
1087	WHITE
1088	BLACK
1089	WHITE
1090	BLACK
1091	WHITE
1092	WHITE
1093	WHITE
1094	WHITE
1095	WHITE
1096	WHITE
1097	BLACK
1098	BLACK
1099	WHITE
1100	BLACK
1101	WHITE
1102	BLACK
1103	WHITE
1104	WHITE
1105	BLACK
1106	WHITE
1107	BLACK
1108	WHITE
1109	WHITE
1110	BLACK
1111	BLACK
1112	BLACK
1113	BLACK
1114	WHITE
1115	BLACK
1116	WHITE
1117	BLACK
1118	WHITE
1119	WHITE
1120	WHITE
1121	WHITE
1122	WHITE
1123	BLACK
1124	WHITE
1125	BLACK
1126	WHITE
1127	WHITE
1128	BLACK
1129	WHITE
1130	BLACK
1131	WHITE
1132	WHITE
1133	WHITE
1134	WHITE
1135	WHITE
1136	BLACK
1137	BLACK
1138	WHITE
1139	BLACK
1140	WHITE
1141	BLACK
1142	BLACK
1143	WHITE
1144	WHITE
1145	BLACK
1146	WHITE
1147	BLACK
1148	WHITE
1149	WHITE
1150	BLACK
1151	BLACK
1152	BLACK
1153	WHITE
1154	BLACK
1155	BLACK
1156	BLACK
1157	BLACK
1158	BLACK
1159	WHITE
1160	WHITE
1161	WHITE
1162	BLACK
1163	BLACK
1164	BLACK
1165	WHITE
1166	BLACK
1167	BLACK
1168	WHITE
1169	BLACK
1170	BLACK
1171	WHITE
1172	WHITE
1173	BLACK
1174	WHITE
1175	WHITE
1176	WHITE
1177	BLACK
1178	BLACK
1179	BLACK
1180	BLACK
1181	WHITE
1182	BLACK
1183	BLACK
1184	WHITE
1185	WHITE
1186	WHITE
1187	BLACK
1188	BLACK
1189	BLACK
1190	WHITE
1191	WHITE
1192	WHITE
1193	BLACK
1194	BLACK
1195	BLACK
1196	BLACK
1197	WHITE
1198	WHITE
1199	WHITE
1200	BLACK
1201	WHITE
1202	BLACK
1203	BLACK
1204	WHITE
1205	WHITE
1206	WHITE
1207	WHITE
1208	WHITE
1209	BLACK
1210	BLACK
1211	WHITE
1212	WHITE
1213	BLACK
1214	BLACK
1215	WHITE
1216	BLACK
1217	WHITE
1218	BLACK
1219	WHITE
1220	WHITE
1221	WHITE
1222	BLACK
1223	BLACK
1224	BLACK
1225	BLACK
1226	BLACK
1227	WHITE
1228	BLACK
1229	WHITE
1230	BLACK
1231	WHITE
1232	WHITE
1233	BLACK
1234	BLACK
1235	WHITE
1236	BLACK
1237	BLACK
1238	BLACK
1239	BLACK
1240	BLACK
1241	WHITE
1242	WHITE
1243	BLACK
1244	WHITE
1245	BLACK
1246	WHITE
1247	WHITE
1248	BLACK
1249	WHITE
1250	BLACK
1251	BLACK
1252	BLACK
1253	BLACK
1254	WHITE
1255	BLACK
1256	BLACK
1257	BLACK
1258	BLACK
1259	WHITE
1260	WHITE
1261	WHITE
1262	BLACK
1263	WHITE
1264	WHITE
1265	WHITE
1266	BLACK
1267	BLACK
1268	WHITE
1269	BLACK
1270	BLACK
1271	BLACK
1272	BLACK
1273	WHITE
1274	BLACK
1275	BLACK
1276	WHITE
1277	BLACK
1278	BLACK
1279	WHITE
1280	WHITE
1281	WHITE
1282	BLACK
1283	WHITE
1284	BLACK
1285	WHITE
1286	WHITE
1287	BLACK
1288	WHITE
1289	WHITE
1290	WHITE
1291	BLACK
1292	WHITE
1293	WHITE
1294	WHITE
1295	BLACK
1296	BLACK
1297	BLACK
1298	WHITE
1299	WHITE
1300	WHITE
1301	WHITE
1302	BLACK
1303	BLACK
1304	WHITE
1305	BLACK
1306	WHITE
1307	BLACK
1308	BLACK
1309	WHITE
1310	BLACK
1311	BLACK
1312	WHITE
1313	BLACK
1314	BLACK
1315	WHITE
1316	BLACK
1317	WHITE
1318	BLACK
1319	BLACK
1320	BLACK
1321	WHITE
1322	BLACK
1323	BLACK
1324	WHITE
1325	WHITE
1326	WHITE
1327	BLACK
1328	BLACK
1329	WHITE
1330	BLACK
1331	WHITE
1332	WHITE
1333	BLACK
1334	BLACK
1335	BLACK
1336	BLACK
1337	BLACK
1338	BLACK
1339	BLACK
1340	WHITE
1341	BLACK
1342	WHITE
1343	BLACK
1344	BLACK
1345	BLACK
1346	WHITE
1347	WHITE
1348	WHITE
1349	WHITE
1350	WHITE
1351	BLACK
1352	WHITE
1353	BLACK
1354	BLACK
1355	WHITE
1356	WHITE
1357	WHITE
1358	BLACK
1359	BLACK
1360	BLACK
1361	BLACK
1362	WHITE
1363	BLACK
1364	WHITE
1365	WHITE
1366	WHITE
1367	WHITE
1368	WHITE
1369	WHITE
1370	BLACK
1371	WHITE
1372	BLACK
1373	WHITE
1374	WHITE
1375	WHITE
1376	WHITE
1377	BLACK
1378	BLACK
1379	WHITE
1380	BLACK
1381	WHITE
1382	WHITE
1383	WHITE
1384	BLACK
1385	BLACK
1386	BLACK
1387	BLACK
1388	WHITE
1389	BLACK
1390	BLACK
1391	WHITE
1392	BLACK
1393	WHITE
1394	WHITE
1395	WHITE
1396	BLACK
1397	BLACK
1398	WHITE
1399	BLACK
1400	BLACK
1401	BLACK
1402	WHITE
1403	BLACK
1404	BLACK
1405	BLACK
1406	WHITE
1407	WHITE
1408	WHITE
1409	WHITE
1410	BLACK
1411	BLACK
1412	WHITE
1413	WHITE
1414	BLACK
1415	BLACK
1416	WHITE
1417	BLACK
1418	BLACK
1419	BLACK
1420	WHITE
1421	BLACK
1422	WHITE
1423	BLACK
1424	BLACK
1425	WHITE
1426	WHITE
1427	BLACK
1428	WHITE
1429	BLACK
1430	WHITE
1431	BLACK
1432	WHITE
1433	BLACK
1434	BLACK
1435	BLACK
1436	BLACK
1437	BLACK
1438	WHITE
1439	BLACK
1440	BLACK
1441	WHITE
1442	WHITE
1443	WHITE
1444	WHITE
1445	BLACK
1446	WHITE
1447	BLACK
1448	BLACK
1449	WHITE
1450	WHITE
1451	BLACK
1452	WHITE
1453	BLACK
1454	BLACK
1455	WHITE
1456	WHITE
1457	BLACK
1458	WHITE
1459	BLACK
1460	BLACK
1461	BLACK
1462	BLACK
1463	WHITE
1464	BLACK
1465	BLACK
1466	WHITE
1467	BLACK
1468	WHITE
1469	WHITE
1470	WHITE
1471	WHITE
1472	BLACK
1473	WHITE
1474	WHITE
1475	WHITE
1476	WHITE
1477	BLACK
1478	WHITE
1479	WHITE
1480	WHITE
1481	BLACK
1482	BLACK
1483	WHITE
1484	WHITE
1485	BLACK
1486	BLACK
1487	BLACK
1488	BLACK
1489	WHITE
1490	BLACK
1491	WHITE
1492	BLACK
1493	BLACK
1494	WHITE
1495	BLACK
1496	BLACK
1497	WHITE
1498	WHITE
1499	WHITE
1500	BLACK
1501	WHITE
1502	WHITE
1503	BLACK
1504	BLACK
1505	BLACK
1506	WHITE
1507	BLACK
1508	BLACK
1509	WHITE
1510	BLACK
1511	BLACK
1512	WHITE
1513	WHITE
1514	BLACK
1515	BLACK
1516	BLACK
1517	WHITE
1518	BLACK
1519	BLACK
1520	BLACK
1521	BLACK
1522	WHITE
1523	WHITE
1524	BLACK
1525	WHITE
1526	WHITE
1527	WHITE
1528	WHITE
1529	WHITE
1530	WHITE
1531	BLACK
1532	BLACK
1533	WHITE
1534	WHITE
1535	BLACK
1536	BLACK
1537	BLACK
1538	BLACK
1539	BLACK
1540	BLACK
1541	WHITE
1542	BLACK
1543	WHITE
1544	BLACK
1545	BLACK
1546	BLACK
1547	WHITE
1548	WHITE
1549	BLACK
1550	BLACK
1551	WHITE
1552	BLACK
1553	BLACK
1554	BLACK
1555	BLACK
1556	BLACK
1557	BLACK
1558	WHITE
1559	BLACK
1560	BLACK
1561	BLACK
1562	BLACK
1563	WHITE
1564	WHITE
1565	WHITE
1566	WHITE
1567	BLACK
1568	WHITE
1569	BLACK
1570	WHITE
1571	WHITE
1572	WHITE
1573	BLACK
1574	WHITE
1575	WHITE
1576	BLACK
1577	BLACK
1578	WHITE
1579	WHITE
1580	BLACK
1581	WHITE
1582	WHITE
1583	BLACK
1584	WHITE
1585	BLACK
1586	WHITE
1587	BLACK
1588	BLACK
1589	BLACK
1590	WHITE
1591	BLACK
1592	BLACK
1593	WHITE
1594	BLACK
1595	WHITE
1596	BLACK
1597	WHITE
1598	BLACK
1599	WHITE
1600	WHITE
1601	BLACK
1602	BLACK
1603	WHITE
1604	WHITE
1605	WHITE
1606	BLACK
1607	WHITE
1608	WHITE
1609	WHITE
1610	BLACK
1611	BLACK
1612	WHITE
1613	WHITE
1614	WHITE
1615	BLACK
1616	BLACK
1617	BLACK
1618	BLACK
1619	WHITE
1620	WHITE
1621	BLACK
1622	BLACK
1623	WHITE
1624	WHITE
1625	WHITE
1626	BLACK
1627	WHITE
1628	BLACK
1629	WHITE
1630	WHITE
1631	BLACK
1632	BLACK
1633	BLACK
1634	WHITE
1635	WHITE
1636	WHITE
1637	WHITE
1638	WHITE
1639	WHITE
1640	WHITE
1641	BLACK
1642	BLACK
1643	WHITE
1644	WHITE
1645	WHITE
1646	WHITE
1647	BLACK
1648	BLACK
1649	BLACK
1650	BLACK
1651	BLACK
1652	BLACK
1653	BLACK
1654	BLACK
1655	WHITE
1656	WHITE
1657	BLACK
1658	BLACK
1659	WHITE
1660	BLACK
1661	WHITE
1662	WHITE
1663	BLACK
1664	WHITE
1665	BLACK
1666	WHITE
1667	WHITE
1668	BLACK
1669	BLACK
1670	BLACK
1671	BLACK
1672	BLACK
1673	BLACK
1674	WHITE
1675	WHITE
1676	BLACK
1677	BLACK
1678	BLACK
1679	BLACK
1680	BLACK
1681	WHITE
1682	BLACK
1683	WHITE
1684	BLACK
1685	WHITE
1686	WHITE
1687	BLACK
1688	BLACK
1689	BLACK
1690	BLACK
1691	BLACK
1692	WHITE
1693	BLACK
1694	WHITE
1695	BLACK
1696	WHITE
1697	BLACK
1698	BLACK
1699	WHITE
1700	WHITE
1701	WHITE
1702	BLACK
1703	BLACK
1704	WHITE
1705	WHITE
1706	WHITE
1707	WHITE
1708	BLACK
1709	BLACK
1710	WHITE
1711	WHITE
1712	BLACK
1713	BLACK
1714	WHITE
1715	BLACK
1716	BLACK
1717	BLACK
1718	WHITE
1719	BLACK
1720	BLACK
1721	BLACK
1722	BLACK
1723	BLACK
1724	WHITE
1725	WHITE
1726	WHITE
1727	BLACK
1728	BLACK
1729	BLACK
1730	WHITE
1731	WHITE
1732	BLACK
1733	BLACK
1734	BLACK
1735	WHITE
1736	WHITE
1737	BLACK
1738	WHITE
1739	BLACK
1740	WHITE
1741	WHITE
1742	BLACK
1743	BLACK
1744	WHITE
1745	BLACK
1746	BLACK
1747	WHITE
1748	BLACK
1749	BLACK
1750	BLACK
1751	BLACK
1752	BLACK
1753	BLACK
1754	BLACK
1755	WHITE
1756	BLACK
1757	BLACK
1758	BLACK
1759	WHITE
1760	BLACK
1761	WHITE
1762	WHITE
1763	WHITE
1764	WHITE
1765	BLACK
1766	WHITE
1767	WHITE
1768	WHITE
1769	BLACK
1770	BLACK
1771	WHITE
1772	BLACK
1773	WHITE
1774	WHITE
1775	WHITE
1776	BLACK
1777	WHITE
1778	BLACK
1779	BLACK
1780	BLACK
1781	WHITE
1782	BLACK
1783	BLACK
1784	WHITE
1785	BLACK
1786	WHITE
1787	WHITE
1788	WHITE
1789	BLACK
1790	BLACK
1791	WHITE
1792	BLACK
1793	WHITE
1794	BLACK
1795	BLACK
1796	BLACK
1797	WHITE
1798	WHITE
1799	WHITE
1800	WHITE
1801	WHITE
1802	WHITE
1803	BLACK
1804	BLACK
1805	BLACK
1806	WHITE
1807	BLACK
1808	WHITE
1809	WHITE
1810	BLACK
1811	WHITE
1812	WHITE
1813	WHITE
1814	BLACK
1815	BLACK
1816	BLACK
1817	WHITE
1818	WHITE
1819	WHITE
1820	BLACK
1821	WHITE
1822	BLACK
1823	WHITE
1824	WHITE
1825	WHITE
1826	BLACK
1827	WHITE
1828	BLACK
1829	BLACK
1830	WHITE
1831	BLACK
1832	BLACK
1833	BLACK
1834	WHITE
1835	WHITE
1836	WHITE
1837	WHITE
1838	WHITE
1839	WHITE
1840	BLACK
1841	WHITE
1842	BLACK
1843	WHITE
1844	WHITE
1845	WHITE
1846	WHITE
1847	WHITE
1848	WHITE
1849	WHITE
1850	BLACK
1851	WHITE
1852	WHITE
1853	WHITE
1854	WHITE
1855	BLACK
1856	WHITE
1857	BLACK
1858	WHITE
1859	BLACK
1860	BLACK
1861	WHITE
1862	BLACK
1863	BLACK
1864	BLACK
1865	WHITE
1866	BLACK
1867	WHITE
1868	WHITE
1869	BLACK
1870	BLACK
1871	WHITE
1872	WHITE
1873	WHITE
1874	BLACK
1875	WHITE
1876	BLACK
1877	BLACK
1878	WHITE
1879	BLACK
1880	BLACK
1881	BLACK
1882	BLACK
1883	BLACK
1884	BLACK
1885	BLACK
1886	WHITE
1887	WHITE
1888	WHITE
1889	WHITE
1890	BLACK
1891	BLACK
1892	WHITE
1893	WHITE
1894	WHITE
1895	WHITE
1896	WHITE
1897	BLACK
1898	WHITE
1899	BLACK
1900	BLACK
1901	BLACK
1902	BLACK
1903	BLACK
1904	WHITE
1905	BLACK
1906	BLACK
1907	BLACK
1908	WHITE
1909	BLACK
1910	WHITE
1911	BLACK
1912	WHITE
1913	WHITE
1914	WHITE
1915	BLACK
1916	WHITE
1917	WHITE
1918	WHITE
1919	BLACK
1920	WHITE
1921	WHITE
1922	WHITE
1923	BLACK
1924	BLACK
1925	BLACK
1926	WHITE
1927	WHITE
1928	WHITE
1929	BLACK
1930	BLACK
1931	BLACK
1932	BLACK
1933	BLACK
1934	BLACK
1935	WHITE
1936	BLACK
1937	WHITE
1938	WHITE
1939	WHITE
1940	WHITE
1941	BLACK
1942	BLACK
1943	BLACK
1944	BLACK
1945	WHITE
1946	WHITE
1947	WHITE
1948	WHITE
1949	BLACK
1950	BLACK
1951	WHITE
1952	BLACK
1953	BLACK
1954	BLACK
1955	WHITE
1956	WHITE
1957	BLACK
1958	WHITE
1959	WHITE
1960	BLACK
1961	WHITE
1962	WHITE
1963	WHITE
1964	BLACK
1965	BLACK
1966	BLACK
1967	BLACK
1968	WHITE
1969	WHITE
1970	WHITE
1971	BLACK
1972	WHITE
1973	BLACK
1974	BLACK
1975	WHITE
1976	WHITE
1977	WHITE
1978	BLACK
1979	WHITE
1980	WHITE
1981	BLACK
1982	BLACK
1983	BLACK
1984	BLACK
1985	BLACK
1986	BLACK
1987	BLACK
1988	WHITE
1989	WHITE
1990	WHITE
1991	BLACK
1992	WHITE
1993	BLACK
1994	WHITE
1995	BLACK
1996	BLACK
1997	WHITE
1998	BLACK
1999	BLACK
2000	WHITE
2001	BLACK
2002	WHITE
2003	WHITE
2004	WHITE
2005	WHITE
2006	BLACK
2007	WHITE
2008	WHITE
2009	WHITE
2010	WHITE
2011	BLACK
2012	BLACK
2013	WHITE
2014	WHITE
2015	WHITE
2016	BLACK
2017	WHITE
2018	WHITE
2019	BLACK
2020	BLACK
2021	WHITE
2022	BLACK
2023	WHITE
2024	BLACK
2025	BLACK
2026	WHITE
2027	BLACK
2028	BLACK
2029	BLACK
2030	WHITE
2031	WHITE
2032	BLACK
2033	WHITE
2034	WHITE
2035	WHITE
2036	WHITE
2037	WHITE
2038	WHITE
2039	WHITE
2040	BLACK
2041	BLACK
2042	BLACK
2043	WHITE
2044	BLACK
2045	WHITE
2046	BLACK
2047	BLACK
2048	BLACK
2049	BLACK
2050	BLACK
2051	WHITE
2052	BLACK
2053	WHITE
2054	WHITE
2055	WHITE
2056	BLACK
2057	WHITE
2058	WHITE
2059	BLACK
2060	BLACK
2061	WHITE
2062	WHITE
2063	BLACK
2064	WHITE
2065	WHITE
2066	WHITE
2067	BLACK
2068	WHITE
2069	BLACK
2070	WHITE
2071	WHITE
2072	WHITE
2073	WHITE
2074	BLACK
2075	BLACK
2076	WHITE
2077	WHITE
2078	WHITE
2079	BLACK
2080	WHITE
2081	WHITE
2082	BLACK
2083	WHITE
2084	WHITE
2085	BLACK
2086	BLACK
2087	WHITE
2088	WHITE
2089	BLACK
2090	BLACK
2091	WHITE
2092	WHITE
2093	BLACK
2094	BLACK
2095	WHITE
2096	WHITE
2097	BLACK
2098	WHITE
2099	BLACK
2100	WHITE
2101	WHITE
2102	WHITE
2103	BLACK
2104	BLACK
2105	WHITE
2106	BLACK
2107	BLACK
2108	BLACK
2109	BLACK
2110	WHITE
2111	WHITE
2112	WHITE
2113	BLACK
2114	BLACK
2115	WHITE
2116	WHITE
2117	BLACK
2118	BLACK
2119	BLACK
2120	WHITE
2121	WHITE
2122	BLACK
2123	WHITE
2124	WHITE
2125	BLACK
2126	BLACK
2127	BLACK
2128	WHITE
2129	BLACK
2130	WHITE
2131	WHITE
2132	WHITE
2133	WHITE
2134	BLACK
2135	WHITE
2136	BLACK
2137	BLACK
2138	WHITE
2139	WHITE
2140	BLACK
2141	WHITE
2142	WHITE
2143	WHITE
2144	WHITE
2145	WHITE
2146	WHITE
2147	WHITE
2148	BLACK
2149	WHITE
2150	WHITE
2151	BLACK
2152	BLACK
2153	WHITE
2154	WHITE
2155	WHITE
2156	WHITE
2157	WHITE
2158	WHITE
2159	WHITE
2160	BLACK
2161	BLACK
2162	BLACK
2163	BLACK
2164	WHITE
2165	BLACK
2166	WHITE
2167	WHITE
2168	WHITE
2169	WHITE
2170	WHITE
2171	BLACK
2172	BLACK
2173	WHITE
2174	BLACK
2175	BLACK
2176	BLACK
2177	BLACK
2178	WHITE
2179	BLACK
2180	WHITE
2181	WHITE
2182	BLACK
2183	BLACK
2184	WHITE
2185	WHITE
2186	WHITE
2187	BLACK
2188	BLACK
2189	WHITE
2190	WHITE
2191	BLACK
2192	BLACK
2193	WHITE
2194	WHITE
2195	WHITE
2196	WHITE
2197	WHITE
2198	BLACK
2199	WHITE
2200	BLACK
2201	WHITE
2202	WHITE
2203	BLACK
2204	BLACK
2205	BLACK
2206	WHITE
2207	BLACK
2208	BLACK
2209	WHITE
2210	BLACK
2211	BLACK
2212	WHITE
2213	BLACK
2214	BLACK
2215	BLACK
2216	WHITE
2217	WHITE
2218	BLACK
2219	WHITE
2220	BLACK
2221	WHITE
2222	BLACK
2223	WHITE
2224	WHITE
2225	WHITE
2226	WHITE
2227	BLACK
2228	BLACK
2229	BLACK
2230	BLACK
2231	BLACK
2232	BLACK
2233	BLACK
2234	BLACK
2235	WHITE
2236	BLACK
2237	BLACK
2238	BLACK
2239	WHITE
2240	WHITE
2241	WHITE
2242	WHITE
2243	BLACK
2244	BLACK
2245	BLACK
2246	BLACK
2247	BLACK
2248	WHITE
2249	BLACK
2250	BLACK
2251	WHITE
2252	WHITE
2253	WHITE
2254	WHITE
2255	WHITE
2256	BLACK
2257	WHITE
2258	WHITE
2259	WHITE
2260	BLACK
2261	WHITE
2262	WHITE
2263	BLACK
2264	WHITE
2265	WHITE
2266	WHITE
2267	WHITE
2268	BLACK
2269	WHITE
2270	WHITE
2271	BLACK
2272	WHITE
2273	WHITE
2274	WHITE
2275	WHITE
2276	WHITE
2277	WHITE
2278	WHITE
2279	WHITE
2280	WHITE
2281	BLACK
2282	WHITE
2283	WHITE
2284	BLACK
2285	BLACK
2286	BLACK
2287	WHITE
2288	BLACK
2289	BLACK
2290	WHITE
2291	WHITE
2292	BLACK
2293	BLACK
2294	WHITE
2295	WHITE
2296	WHITE
2297	WHITE
2298	WHITE
2299	WHITE
2300	BLACK
2301	WHITE
2302	WHITE
2303	WHITE
2304	WHITE
2305	WHITE
2306	BLACK
2307	BLACK
2308	BLACK
2309	BLACK
2310	BLACK
2311	BLACK
2312	WHITE
2313	WHITE
2314	BLACK
2315	BLACK
2316	BLACK
2317	BLACK
2318	BLACK
2319	WHITE
2320	WHITE
2321	BLACK
2322	WHITE
2323	WHITE
2324	BLACK
2325	WHITE
2326	BLACK
2327	BLACK
2328	WHITE
2329	BLACK
2330	BLACK
2331	BLACK
2332	WHITE
2333	BLACK
2334	BLACK
2335	BLACK
2336	BLACK
2337	WHITE
2338	BLACK
2339	BLACK
2340	WHITE
2341	WHITE
2342	WHITE
2343	WHITE
2344	BLACK
2345	BLACK
2346	BLACK
2347	BLACK
2348	BLACK
2349	BLACK
2350	BLACK
2351	BLACK
2352	WHITE
2353	WHITE
2354	WHITE
2355	WHITE
2356	BLACK
2357	BLACK
2358	WHITE
2359	BLACK
2360	WHITE
2361	BLACK
2362	BLACK
2363	WHITE
2364	BLACK
2365	WHITE
2366	BLACK
2367	WHITE
2368	BLACK
2369	WHITE
2370	WHITE
2371	BLACK
2372	BLACK
2373	WHITE
2374	WHITE
2375	WHITE
2376	BLACK
2377	WHITE
2378	BLACK
2379	WHITE
2380	WHITE
2381	WHITE
2382	WHITE
2383	WHITE
2384	WHITE
2385	BLACK
2386	BLACK
2387	WHITE
2388	WHITE
2389	BLACK
2390	BLACK
2391	WHITE
2392	BLACK
2393	WHITE
2394	WHITE
2395	WHITE
2396	BLACK
2397	WHITE
2398	WHITE
2399	BLACK
2400	WHITE
2401	WHITE
2402	BLACK
2403	BLACK
2404	BLACK
2405	WHITE
2406	WHITE
2407	WHITE
2408	BLACK
2409	WHITE
2410	BLACK
2411	BLACK
2412	BLACK
2413	BLACK
2414	WHITE
2415	BLACK
2416	BLACK
2417	WHITE
2418	WHITE
2419	BLACK
2420	BLACK
2421	WHITE
2422	WHITE
2423	WHITE
2424	BLACK
2425	WHITE
2426	WHITE
2427	BLACK
2428	WHITE
2429	WHITE
2430	BLACK
2431	WHITE
2432	BLACK
2433	WHITE
2434	BLACK
2435	WHITE
2436	BLACK
2437	WHITE
2438	WHITE
2439	BLACK
2440	WHITE
2441	BLACK
2442	BLACK
2443	WHITE
2444	BLACK
2445	WHITE
2446	BLACK
2447	WHITE
2448	WHITE
2449	WHITE
2450	BLACK
2451	BLACK
2452	WHITE
2453	WHITE
2454	WHITE
2455	BLACK
2456	BLACK
2457	WHITE
2458	WHITE
2459	WHITE
2460	BLACK
2461	BLACK
2462	BLACK
2463	WHITE
2464	WHITE
2465	WHITE
2466	WHITE
2467	BLACK
2468	BLACK
2469	BLACK
2470	WHITE
2471	WHITE
2472	BLACK
2473	WHITE
2474	BLACK
2475	WHITE
2476	WHITE
2477	BLACK
2478	BLACK
2479	WHITE
2480	BLACK
2481	BLACK
2482	WHITE
2483	BLACK
2484	WHITE
2485	BLACK
2486	BLACK
2487	WHITE
2488	WHITE
2489	WHITE
2490	BLACK
2491	BLACK
2492	WHITE
2493	WHITE
2494	BLACK
2495	WHITE
2496	BLACK
2497	BLACK
2498	WHITE
2499	WHITE
2500	BLACK
2501	WHITE
2502	BLACK
2503	BLACK
2504	WHITE
2505	WHITE
2506	WHITE
2507	BLACK
2508	WHITE
2509	WHITE
2510	BLACK
2511	BLACK
2512	WHITE
2513	BLACK
2514	WHITE
2515	BLACK
2516	WHITE
2517	WHITE
2518	WHITE
2519	WHITE
2520	BLACK
2521	BLACK
2522	WHITE
2523	BLACK
2524	BLACK
2525	WHITE
2526	BLACK
2527	WHITE
2528	WHITE
2529	WHITE
2530	BLACK
2531	BLACK
2532	BLACK
2533	BLACK
2534	WHITE
2535	BLACK
2536	BLACK
2537	BLACK
2538	WHITE
2539	WHITE
2540	WHITE
2541	BLACK
2542	BLACK
2543	BLACK
2544	BLACK
2545	WHITE
2546	WHITE
2547	BLACK
2548	WHITE
2549	BLACK
2550	BLACK
2551	BLACK
2552	WHITE
2553	WHITE
2554	WHITE
2555	WHITE
2556	BLACK
2557	BLACK
2558	BLACK
2559	WHITE
2560	BLACK
2561	BLACK
2562	BLACK
2563	BLACK
2564	WHITE
2565	WHITE
2566	WHITE
2567	WHITE
2568	WHITE
2569	BLACK
2570	WHITE
2571	WHITE
2572	WHITE
2573	BLACK
2574	WHITE
2575	WHITE
2576	WHITE
2577	WHITE
2578	BLACK
2579	WHITE
2580	BLACK
2581	WHITE
2582	WHITE
2583	WHITE
2584	BLACK
2585	BLACK
2586	WHITE
2587	WHITE
2588	WHITE
2589	WHITE
2590	BLACK
2591	WHITE
2592	WHITE
2593	BLACK
2594	BLACK
2595	WHITE
2596	BLACK
2597	WHITE
2598	WHITE
2599	WHITE
2600	WHITE
2601	WHITE
2602	WHITE
2603	BLACK
2604	WHITE
2605	WHITE
2606	WHITE
2607	BLACK
2608	BLACK
2609	BLACK
2610	BLACK
2611	BLACK
2612	BLACK
2613	BLACK
2614	WHITE
2615	WHITE
2616	BLACK
2617	WHITE
2618	WHITE
2619	BLACK
2620	BLACK
2621	BLACK
2622	BLACK
2623	WHITE
2624	WHITE
2625	BLACK
2626	BLACK
2627	WHITE
2628	BLACK
2629	WHITE
2630	WHITE
2631	WHITE
2632	BLACK
2633	BLACK
2634	WHITE
2635	BLACK
2636	BLACK
2637	WHITE
2638	WHITE
2639	BLACK
2640	WHITE
2641	BLACK
2642	WHITE
2643	BLACK
2644	BLACK
2645	WHITE
2646	BLACK
2647	BLACK
2648	WHITE
2649	WHITE
2650	WHITE
2651	WHITE
2652	WHITE
2653	BLACK
2654	WHITE
2655	WHITE
2656	BLACK
2657	BLACK
2658	WHITE
2659	BLACK
2660	BLACK
2661	WHITE
2662	WHITE
2663	BLACK
2664	BLACK
2665	BLACK
2666	WHITE
2667	WHITE
2668	WHITE
2669	BLACK
2670	WHITE
2671	WHITE
2672	WHITE
2673	BLACK
2674	WHITE
2675	BLACK
2676	BLACK
2677	BLACK
2678	BLACK
2679	BLACK
2680	BLACK
2681	BLACK
2682	BLACK
2683	WHITE
2684	BLACK
2685	WHITE
2686	BLACK
2687	BLACK
2688	BLACK
2689	BLACK
2690	BLACK
2691	WHITE
2692	WHITE
2693	BLACK
2694	WHITE
2695	BLACK
2696	BLACK
2697	BLACK
2698	WHITE
2699	BLACK
2700	WHITE
2701	BLACK
2702	BLACK
2703	WHITE
2704	WHITE
2705	WHITE
2706	WHITE
2707	WHITE
2708	BLACK
2709	WHITE
2710	WHITE
2711	WHITE
2712	BLACK
2713	WHITE
2714	BLACK
2715	WHITE
2716	BLACK
2717	BLACK
2718	BLACK
2719	WHITE
2720	WHITE
2721	WHITE
2722	WHITE
2723	WHITE
2724	BLACK
2725	BLACK
2726	BLACK
2727	BLACK
2728	BLACK
2729	WHITE
2730	BLACK
2731	BLACK
2732	BLACK
2733	BLACK
2734	BLACK
2735	BLACK
2736	BLACK
2737	BLACK
2738	BLACK
2739	WHITE
2740	BLACK
2741	BLACK
2742	WHITE
2743	BLACK
2744	WHITE
2745	WHITE
2746	BLACK
2747	WHITE
2748	WHITE
2749	WHITE
2750	WHITE
2751	WHITE
2752	WHITE
2753	BLACK
2754	BLACK
2755	WHITE
2756	WHITE
2757	BLACK
2758	WHITE
2759	WHITE
2760	WHITE
2761	WHITE
2762	BLACK
2763	BLACK
2764	WHITE
2765	BLACK
2766	WHITE
2767	WHITE
2768	WHITE
2769	BLACK
2770	BLACK
2771	BLACK
2772	BLACK
2773	BLACK
2774	BLACK
2775	BLACK
2776	BLACK
2777	BLACK
2778	BLACK
2779	BLACK
2780	WHITE
2781	WHITE
2782	BLACK
2783	WHITE
2784	WHITE
2785	WHITE
2786	WHITE
2787	WHITE
2788	BLACK
2789	WHITE
2790	WHITE
2791	WHITE
2792	WHITE
2793	BLACK
2794	BLACK
2795	BLACK
2796	WHITE
2797	BLACK
2798	BLACK
2799	BLACK
2800	WHITE
2801	BLACK
2802	WHITE
2803	WHITE
2804	WHITE
2805	WHITE
2806	WHITE
2807	BLACK
2808	BLACK
2809	BLACK
2810	WHITE
2811	WHITE
2812	WHITE
2813	WHITE
2814	WHITE
2815	BLACK
2816	WHITE
2817	BLACK
2818	WHITE
2819	WHITE
2820	BLACK
2821	WHITE
2822	BLACK
2823	WHITE
2824	BLACK
2825	BLACK
2826	WHITE
2827	BLACK
2828	WHITE
2829	BLACK
2830	WHITE
2831	WHITE
2832	WHITE
2833	BLACK
2834	WHITE
2835	WHITE
2836	BLACK
2837	BLACK
2838	BLACK
2839	WHITE
2840	WHITE
2841	WHITE
2842	WHITE
2843	BLACK
2844	BLACK
2845	BLACK
2846	BLACK
2847	WHITE
2848	WHITE
2849	WHITE
2850	BLACK
2851	WHITE
2852	WHITE
2853	WHITE
2854	WHITE
2855	BLACK
2856	BLACK
2857	WHITE
2858	BLACK
2859	WHITE
2860	BLACK
2861	BLACK
2862	WHITE
2863	BLACK
2864	BLACK
2865	WHITE
2866	BLACK
2867	BLACK
2868	BLACK
2869	WHITE
2870	WHITE
2871	WHITE
2872	BLACK
2873	WHITE
2874	BLACK
2875	WHITE
2876	WHITE
2877	BLACK
2878	BLACK
2879	BLACK
2880	BLACK
2881	WHITE
2882	BLACK
2883	WHITE
2884	BLACK
2885	WHITE
2886	BLACK
2887	WHITE
2888	BLACK
2889	BLACK
2890	WHITE
2891	BLACK
2892	BLACK
2893	WHITE
2894	WHITE
2895	BLACK
2896	WHITE
2897	BLACK
2898	BLACK
2899	WHITE
2900	WHITE
2901	WHITE
2902	WHITE
2903	WHITE
2904	WHITE
2905	BLACK
2906	WHITE
2907	WHITE
2908	WHITE
2909	WHITE
2910	BLACK
2911	BLACK
2912	BLACK
2913	WHITE
2914	BLACK
2915	WHITE
2916	BLACK
2917	BLACK
2918	BLACK
2919	WHITE
2920	BLACK
2921	BLACK
2922	BLACK
2923	BLACK
2924	WHITE
2925	WHITE
2926	BLACK
2927	WHITE
2928	WHITE
2929	BLACK
2930	WHITE
2931	BLACK
2932	WHITE
2933	BLACK
2934	BLACK
2935	WHITE
2936	WHITE
2937	WHITE
2938	BLACK
2939	WHITE
2940	WHITE
2941	BLACK
2942	BLACK
2943	BLACK
2944	WHITE
2945	BLACK
2946	WHITE
2947	BLACK
2948	BLACK
2949	WHITE
2950	BLACK
2951	WHITE
2952	WHITE
2953	BLACK
2954	WHITE
2955	BLACK
2956	WHITE
2957	BLACK
2958	WHITE
2959	BLACK
2960	WHITE
2961	WHITE
2962	WHITE
2963	WHITE
2964	WHITE
2965	WHITE
2966	WHITE
2967	WHITE
2968	BLACK
2969	BLACK
2970	WHITE
2971	WHITE
2972	WHITE
2973	WHITE
2974	BLACK
2975	BLACK
2976	BLACK
2977	BLACK
2978	BLACK
2979	BLACK
2980	BLACK
2981	WHITE
2982	BLACK
2983	WHITE
2984	BLACK
2985	BLACK
2986	BLACK
2987	WHITE
2988	WHITE
2989	WHITE
2990	WHITE
2991	BLACK
2992	WHITE
2993	BLACK
2994	WHITE
2995	WHITE
2996	WHITE
2997	WHITE
2998	BLACK
2999	BLACK
3000	WHITE
3001	BLACK
3002	WHITE
3003	WHITE
3004	BLACK
3005	BLACK
3006	BLACK
3007	BLACK
3008	BLACK
3009	BLACK
3010	WHITE
3011	BLACK
3012	WHITE
3013	BLACK
3014	BLACK
3015	BLACK
3016	WHITE
3017	BLACK
3018	WHITE
3019	WHITE
3020	WHITE
3021	WHITE
3022	BLACK
3023	BLACK
3024	BLACK
3025	BLACK
3026	WHITE
3027	BLACK
3028	BLACK
3029	BLACK
3030	BLACK
3031	BLACK
3032	WHITE
3033	BLACK
3034	BLACK
3035	WHITE
3036	BLACK
3037	WHITE
3038	BLACK
3039	WHITE
3040	BLACK
3041	BLACK
3042	WHITE
3043	WHITE
3044	WHITE
3045	BLACK
3046	WHITE
3047	WHITE
3048	BLACK
3049	BLACK
3050	WHITE
3051	BLACK
3052	WHITE
3053	WHITE
3054	BLACK
3055	WHITE
3056	WHITE
3057	WHITE
3058	WHITE
3059	BLACK
3060	BLACK
3061	BLACK
3062	BLACK
3063	WHITE
3064	WHITE
3065	WHITE
3066	WHITE
3067	BLACK
3068	WHITE
3069	WHITE
3070	BLACK
3071	BLACK
3072	BLACK
3073	BLACK
3074	WHITE
3075	BLACK
3076	WHITE
3077	BLACK
3078	BLACK
3079	WHITE
3080	WHITE
3081	BLACK
3082	BLACK
3083	BLACK
3084	BLACK
3085	WHITE
3086	WHITE
3087	BLACK
3088	BLACK
3089	BLACK
3090	BLACK
3091	WHITE
3092	WHITE
3093	BLACK
3094	WHITE
3095	BLACK
3096	BLACK
3097	BLACK
3098	BLACK
3099	WHITE
3100	BLACK
3101	BLACK
3102	WHITE
3103	BLACK
3104	BLACK
3105	BLACK
3106	WHITE
3107	WHITE
3108	BLACK
3109	WHITE
3110	WHITE
3111	WHITE
3112	WHITE
3113	BLACK
3114	BLACK
3115	WHITE
3116	BLACK
3117	WHITE
3118	WHITE
3119	BLACK
3120	BLACK
3121	WHITE
3122	WHITE
3123	BLACK
3124	BLACK
3125	BLACK
3126	WHITE
3127	BLACK
3128	BLACK
3129	WHITE
3130	WHITE
3131	BLACK
3132	WHITE
3133	WHITE
3134	WHITE
3135	WHITE
3136	BLACK
3137	WHITE
3138	WHITE
3139	BLACK
3140	WHITE
3141	BLACK
3142	BLACK
3143	BLACK
3144	WHITE
3145	BLACK
3146	BLACK
3147	WHITE
3148	BLACK
3149	BLACK
3150	BLACK
3151	WHITE
3152	WHITE
3153	BLACK
3154	WHITE
3155	WHITE
3156	WHITE
3157	WHITE
3158	WHITE
3159	WHITE
3160	BLACK
3161	WHITE
3162	WHITE
3163	WHITE
3164	BLACK
3165	BLACK
3166	BLACK
3167	WHITE
3168	BLACK
3169	WHITE
3170	WHITE
3171	WHITE
3172	BLACK
3173	WHITE
3174	WHITE
3175	BLACK
3176	WHITE
3177	BLACK
3178	WHITE
3179	WHITE
3180	WHITE
3181	BLACK
3182	WHITE
3183	BLACK
3184	WHITE
3185	BLACK
3186	WHITE
3187	BLACK
3188	WHITE
3189	WHITE
3190	WHITE
3191	WHITE
3192	WHITE
3193	WHITE
3194	BLACK
3195	BLACK
3196	WHITE
3197	BLACK
3198	WHITE
3199	WHITE
3200	WHITE
3201	WHITE
3202	WHITE
3203	WHITE
3204	BLACK
3205	BLACK
3206	WHITE
3207	WHITE
3208	BLACK
3209	WHITE
3210	WHITE
3211	WHITE
3212	WHITE
3213	BLACK
3214	WHITE
3215	WHITE
3216	WHITE
3217	BLACK
3218	BLACK
3219	BLACK
3220	BLACK
3221	WHITE
3222	WHITE
3223	BLACK
3224	WHITE
3225	WHITE
3226	WHITE
3227	WHITE
3228	BLACK
3229	WHITE
3230	WHITE
3231	BLACK
3232	BLACK
3233	WHITE
3234	WHITE
3235	WHITE
3236	BLACK
3237	BLACK
3238	WHITE
3239	WHITE
3240	BLACK
3241	WHITE
3242	WHITE
3243	WHITE
3244	WHITE
3245	BLACK
3246	BLACK
3247	WHITE
3248	WHITE
3249	WHITE
3250	WHITE
3251	WHITE
3252	BLACK
3253	WHITE
3254	WHITE
3255	BLACK
3256	BLACK
3257	BLACK
3258	WHITE
3259	BLACK
3260	BLACK
3261	BLACK
3262	WHITE
3263	BLACK
3264	WHITE
3265	BLACK
3266	BLACK
3267	WHITE
3268	WHITE
3269	BLACK
3270	WHITE
3271	WHITE
3272	WHITE
3273	WHITE
3274	BLACK
3275	WHITE
3276	BLACK
3277	BLACK
3278	WHITE
3279	WHITE
3280	WHITE
3281	WHITE
3282	BLACK
3283	WHITE
3284	BLACK
3285	WHITE
3286	BLACK
3287	WHITE
3288	WHITE
3289	BLACK
3290	BLACK
3291	BLACK
3292	WHITE
3293	WHITE
3294	BLACK
3295	BLACK
3296	BLACK
3297	WHITE
3298	BLACK
3299	WHITE
3300	WHITE
3301	BLACK
3302	BLACK
3303	WHITE
3304	BLACK
3305	WHITE
3306	BLACK
3307	WHITE
3308	WHITE
3309	BLACK
3310	BLACK
3311	WHITE
3312	WHITE
3313	WHITE
3314	BLACK
3315	BLACK
3316	BLACK
3317	WHITE
3318	BLACK
3319	BLACK
3320	BLACK
3321	WHITE
3322	WHITE
3323	BLACK
3324	WHITE
3325	WHITE
3326	WHITE
3327	BLACK
3328	WHITE
3329	BLACK
3330	WHITE
3331	BLACK
3332	WHITE
3333	WHITE
3334	BLACK
3335	WHITE
3336	BLACK
3337	WHITE
3338	BLACK
3339	BLACK
3340	BLACK
3341	BLACK
3342	WHITE
3343	BLACK
3344	BLACK
3345	WHITE
3346	BLACK
3347	BLACK
3348	BLACK
3349	WHITE
3350	BLACK
3351	WHITE
3352	WHITE
3353	WHITE
3354	BLACK
3355	WHITE
3356	BLACK
3357	BLACK
3358	WHITE
3359	WHITE
3360	WHITE
3361	WHITE
3362	BLACK
3363	WHITE
3364	WHITE
3365	WHITE
3366	BLACK
3367	WHITE
3368	WHITE
3369	BLACK
3370	WHITE
3371	BLACK
3372	WHITE
3373	WHITE
3374	WHITE
3375	WHITE
3376	BLACK
3377	BLACK
3378	BLACK
3379	WHITE
3380	BLACK
3381	WHITE
3382	WHITE
3383	WHITE
3384	WHITE
3385	WHITE
3386	WHITE
3387	WHITE
3388	WHITE
3389	BLACK
3390	WHITE
3391	BLACK
3392	BLACK
3393	WHITE
3394	WHITE
3395	WHITE
3396	BLACK
3397	WHITE
3398	WHITE
3399	BLACK
3400	WHITE
3401	BLACK
3402	WHITE
3403	BLACK
3404	WHITE
3405	WHITE
3406	BLACK
3407	WHITE
3408	BLACK
3409	WHITE
3410	BLACK
3411	WHITE
3412	BLACK
3413	BLACK
3414	BLACK
3415	BLACK
3416	BLACK
3417	BLACK
3418	BLACK
3419	BLACK
3420	WHITE
3421	BLACK
3422	WHITE
3423	WHITE
3424	WHITE
3425	WHITE
3426	WHITE
3427	WHITE
3428	BLACK
3429	BLACK
3430	WHITE
3431	WHITE
3432	BLACK
3433	BLACK
3434	WHITE
3435	BLACK
3436	BLACK
3437	WHITE
3438	WHITE
3439	BLACK
3440	BLACK
3441	WHITE
3442	BLACK
3443	BLACK
3444	BLACK
3445	WHITE
3446	BLACK
3447	BLACK
3448	BLACK
3449	WHITE
3450	BLACK
3451	BLACK
3452	BLACK
3453	BLACK
3454	WHITE
3455	BLACK
3456	BLACK
3457	BLACK
3458	BLACK
3459	WHITE
3460	BLACK
3461	WHITE
3462	WHITE
3463	WHITE
3464	BLACK
3465	WHITE
3466	WHITE
3467	BLACK
3468	WHITE
3469	WHITE
3470	BLACK
3471	BLACK
3472	BLACK
3473	BLACK
3474	WHITE
3475	BLACK
3476	BLACK
3477	WHITE
3478	BLACK
3479	WHITE
3480	BLACK
3481	BLACK
3482	BLACK
3483	BLACK
3484	WHITE
3485	WHITE
3486	WHITE
3487	BLACK
3488	BLACK
3489	BLACK
3490	BLACK
3491	BLACK
3492	WHITE
3493	WHITE
3494	BLACK
3495	WHITE
3496	BLACK
3497	WHITE
3498	BLACK
3499	BLACK
3500	BLACK
3501	BLACK
3502	WHITE
3503	WHITE
3504	BLACK
3505	BLACK
3506	WHITE
3507	WHITE
3508	BLACK
3509	WHITE
3510	WHITE
3511	BLACK
3512	WHITE
3513	WHITE
3514	WHITE
3515	BLACK
3516	WHITE
3517	WHITE
3518	BLACK
3519	BLACK
3520	BLACK
3521	WHITE
3522	BLACK
3523	BLACK
3524	BLACK
3525	BLACK
3526	WHITE
3527	BLACK
3528	WHITE
3529	WHITE
3530	WHITE
3531	WHITE
3532	BLACK
3533	WHITE
3534	BLACK
3535	WHITE
3536	WHITE
3537	WHITE
3538	WHITE
3539	BLACK
3540	BLACK
3541	WHITE
3542	BLACK
3543	WHITE
3544	WHITE
3545	WHITE
3546	BLACK
3547	WHITE
3548	WHITE
3549	WHITE
3550	BLACK
3551	WHITE
3552	WHITE
3553	WHITE
3554	BLACK
3555	WHITE
3556	WHITE
3557	WHITE
3558	WHITE
3559	WHITE
3560	BLACK
3561	BLACK
3562	WHITE
3563	BLACK
3564	BLACK
3565	BLACK
3566	WHITE
3567	WHITE
3568	WHITE
3569	WHITE
3570	BLACK
3571	BLACK
3572	WHITE
3573	BLACK
3574	BLACK
3575	WHITE
3576	WHITE
3577	WHITE
3578	BLACK
3579	WHITE
3580	WHITE
3581	BLACK
3582	WHITE
3583	BLACK
3584	BLACK
3585	BLACK
3586	BLACK
3587	BLACK
3588	WHITE
3589	WHITE
3590	BLACK
3591	WHITE
3592	BLACK
3593	BLACK
3594	WHITE
3595	BLACK
3596	BLACK
3597	WHITE
3598	WHITE
3599	BLACK
3600	BLACK
3601	WHITE
3602	WHITE
3603	BLACK
3604	BLACK
3605	WHITE
3606	BLACK
3607	WHITE
3608	WHITE
3609	WHITE
3610	BLACK
3611	WHITE
3612	WHITE
3613	BLACK
3614	WHITE
3615	BLACK
3616	WHITE
3617	BLACK
3618	BLACK
3619	BLACK
3620	BLACK
3621	WHITE
3622	WHITE
3623	BLACK
3624	WHITE
3625	BLACK
3626	BLACK
3627	BLACK
3628	BLACK
3629	BLACK
3630	WHITE
3631	WHITE
3632	BLACK
3633	BLACK
3634	BLACK
3635	WHITE
3636	WHITE
3637	BLACK
3638	BLACK
3639	WHITE
3640	WHITE
3641	BLACK
3642	BLACK
3643	BLACK
3644	WHITE
3645	WHITE
3646	WHITE
3647	WHITE
3648	BLACK
3649	BLACK
3650	BLACK
3651	BLACK
3652	BLACK
3653	BLACK
3654	BLACK
3655	BLACK
3656	BLACK
3657	BLACK
3658	WHITE
3659	WHITE
3660	BLACK
3661	BLACK
3662	WHITE
3663	BLACK
3664	BLACK
3665	WHITE
3666	WHITE
3667	WHITE
3668	BLACK
3669	BLACK
3670	WHITE
3671	BLACK
3672	BLACK
3673	BLACK
3674	WHITE
3675	WHITE
3676	WHITE
3677	BLACK
3678	WHITE
3679	WHITE
3680	WHITE
3681	BLACK
3682	BLACK
3683	WHITE
3684	BLACK
3685	BLACK
3686	BLACK
3687	BLACK
3688	WHITE
3689	BLACK
3690	BLACK
3691	BLACK
3692	WHITE
3693	BLACK
3694	BLACK
3695	BLACK
3696	BLACK
3697	BLACK
3698	WHITE
3699	WHITE
3700	WHITE
3701	BLACK
3702	WHITE
3703	BLACK
3704	WHITE
3705	BLACK
3706	WHITE
3707	WHITE
3708	WHITE
3709	WHITE
3710	BLACK
3711	BLACK
3712	BLACK
3713	BLACK
3714	WHITE
3715	BLACK
3716	BLACK
3717	WHITE
3718	WHITE
3719	WHITE
3720	WHITE
3721	WHITE
3722	WHITE
3723	WHITE
3724	BLACK
3725	BLACK
3726	WHITE
3727	WHITE
3728	WHITE
3729	WHITE
3730	BLACK
3731	BLACK
3732	WHITE
3733	WHITE
3734	BLACK
3735	BLACK
3736	BLACK
3737	WHITE
3738	BLACK
3739	BLACK
3740	WHITE
3741	WHITE
3742	BLACK
3743	BLACK
3744	BLACK
3745	BLACK
3746	BLACK
3747	WHITE
3748	BLACK
3749	WHITE
3750	BLACK
3751	BLACK
3752	WHITE
3753	WHITE
3754	WHITE
3755	WHITE
3756	BLACK
3757	WHITE
3758	BLACK
3759	BLACK
3760	WHITE
3761	BLACK
3762	BLACK
3763	WHITE
3764	WHITE
3765	BLACK
3766	BLACK
3767	BLACK
3768	WHITE
3769	BLACK
3770	BLACK
3771	BLACK
3772	WHITE
3773	BLACK
3774	WHITE
3775	BLACK
3776	WHITE
3777	BLACK
3778	BLACK
3779	BLACK
3780	BLACK
3781	BLACK
3782	BLACK
3783	BLACK
3784	WHITE
3785	BLACK
3786	BLACK
3787	WHITE
3788	WHITE
3789	WHITE
3790	WHITE
3791	WHITE
3792	WHITE
3793	WHITE
3794	BLACK
3795	BLACK
3796	BLACK
3797	BLACK
3798	BLACK
3799	WHITE
3800	WHITE
3801	BLACK
3802	BLACK
3803	BLACK
3804	BLACK
3805	WHITE
3806	WHITE
3807	BLACK
3808	BLACK
3809	BLACK
3810	WHITE
3811	BLACK
3812	BLACK
3813	WHITE
3814	BLACK
3815	BLACK
3816	BLACK
3817	BLACK
3818	BLACK
3819	WHITE
3820	BLACK
3821	WHITE
3822	BLACK
3823	WHITE
3824	BLACK
3825	WHITE
3826	WHITE
3827	BLACK
3828	WHITE
3829	BLACK
3830	BLACK
3831	BLACK
3832	BLACK
3833	BLACK
3834	BLACK
3835	WHITE
3836	WHITE
3837	WHITE
3838	WHITE
3839	BLACK
3840	WHITE
3841	WHITE
3842	BLACK
3843	BLACK
3844	WHITE
3845	BLACK
3846	WHITE
3847	BLACK
3848	WHITE
3849	BLACK
3850	BLACK
3851	BLACK
3852	WHITE
3853	WHITE
3854	WHITE
3855	WHITE
3856	WHITE
3857	BLACK
3858	WHITE
3859	BLACK
3860	WHITE
3861	BLACK
3862	WHITE
3863	WHITE
3864	WHITE
3865	WHITE
3866	BLACK
3867	BLACK
3868	WHITE
3869	BLACK
3870	WHITE
3871	BLACK
3872	BLACK
3873	WHITE
3874	WHITE
3875	BLACK
3876	BLACK
3877	WHITE
3878	BLACK
3879	BLACK
3880	WHITE
3881	BLACK
3882	BLACK
3883	WHITE
3884	WHITE
3885	WHITE
3886	BLACK
3887	BLACK
3888	BLACK
3889	WHITE
3890	WHITE
3891	WHITE
3892	WHITE
3893	BLACK
3894	BLACK
3895	BLACK
3896	BLACK
3897	BLACK
3898	BLACK
3899	BLACK
3900	BLACK
3901	BLACK
3902	WHITE
3903	BLACK
3904	WHITE
3905	BLACK
3906	WHITE
3907	BLACK
3908	BLACK
3909	WHITE
3910	BLACK
3911	BLACK
3912	BLACK
3913	WHITE
3914	BLACK
3915	WHITE
3916	WHITE
3917	WHITE
3918	WHITE
3919	BLACK
3920	WHITE
3921	BLACK
3922	WHITE
3923	WHITE
3924	WHITE
3925	WHITE
3926	WHITE
3927	BLACK
3928	WHITE
3929	WHITE
3930	WHITE
3931	BLACK
3932	WHITE
3933	WHITE
3934	WHITE
3935	WHITE
3936	WHITE
3937	WHITE
3938	WHITE
3939	BLACK
3940	BLACK
3941	BLACK
3942	BLACK
3943	WHITE
3944	BLACK
3945	WHITE
3946	BLACK
3947	WHITE
3948	BLACK
3949	BLACK
3950	BLACK
3951	WHITE
3952	WHITE
3953	BLACK
3954	BLACK
3955	BLACK
3956	BLACK
3957	WHITE
3958	WHITE
3959	BLACK
3960	WHITE
3961	BLACK
3962	WHITE
3963	WHITE
3964	BLACK
3965	WHITE
3966	WHITE
3967	BLACK
3968	BLACK
3969	BLACK
3970	BLACK
3971	WHITE
3972	WHITE
3973	WHITE
3974	WHITE
3975	WHITE
3976	BLACK
3977	BLACK
3978	BLACK
3979	WHITE
3980	WHITE
3981	WHITE
3982	BLACK
3983	WHITE
3984	WHITE
3985	BLACK
3986	WHITE
3987	WHITE
3988	WHITE
3989	WHITE
3990	BLACK
3991	BLACK
3992	WHITE
3993	WHITE
3994	BLACK
3995	WHITE
3996	WHITE
3997	WHITE
3998	BLACK
3999	BLACK
4000	BLACK
4001	BLACK
4002	BLACK
4003	WHITE
4004	WHITE
4005	WHITE
4006	WHITE
4007	BLACK
4008	WHITE
4009	BLACK
4010	WHITE
4011	WHITE
4012	WHITE
4013	WHITE
4014	BLACK
4015	BLACK
4016	BLACK
4017	BLACK
4018	WHITE
4019	WHITE
4020	BLACK
4021	WHITE
4022	BLACK
4023	WHITE
4024	WHITE
4025	WHITE
4026	WHITE
4027	BLACK
4028	WHITE
4029	WHITE
4030	WHITE
4031	WHITE
4032	WHITE
4033	BLACK
4034	BLACK
4035	BLACK
4036	BLACK
4037	BLACK
4038	BLACK
4039	WHITE
4040	BLACK
4041	WHITE
4042	WHITE
4043	WHITE
4044	BLACK
4045	WHITE
4046	BLACK
4047	BLACK
4048	BLACK
4049	BLACK
4050	BLACK
4051	WHITE
4052	BLACK
4053	WHITE
4054	BLACK
4055	BLACK
4056	BLACK
4057	BLACK
4058	WHITE
4059	WHITE
4060	WHITE
4061	BLACK
4062	BLACK
4063	BLACK
4064	WHITE
4065	WHITE
4066	BLACK
4067	WHITE
4068	BLACK
4069	BLACK
4070	BLACK
4071	BLACK
4072	WHITE
4073	WHITE
4074	WHITE
4075	WHITE
4076	WHITE
4077	BLACK
4078	BLACK
4079	WHITE
4080	WHITE
4081	WHITE
4082	BLACK
4083	BLACK
4084	BLACK
4085	WHITE
4086	BLACK
4087	WHITE
4088	BLACK
4089	BLACK
4090	WHITE
4091	WHITE
4092	WHITE
4093	BLACK
4094	WHITE
4095	BLACK
4096	BLACK
4097	BLACK
4098	WHITE
4099	WHITE
4100	BLACK
4101	WHITE
4102	BLACK
4103	BLACK
4104	WHITE
4105	BLACK
4106	BLACK
4107	BLACK
4108	WHITE
4109	WHITE
4110	BLACK
4111	BLACK
4112	BLACK
4113	WHITE
4114	WHITE
4115	BLACK
4116	BLACK
4117	BLACK
4118	WHITE
4119	WHITE
4120	WHITE
4121	BLACK
4122	BLACK
4123	BLACK
4124	BLACK
4125	BLACK
4126	WHITE
4127	WHITE
4128	BLACK
4129	WHITE
4130	BLACK
4131	WHITE
4132	WHITE
4133	WHITE
4134	BLACK
4135	WHITE
4136	BLACK
4137	WHITE
4138	WHITE
4139	WHITE
4140	WHITE
4141	WHITE
4142	BLACK
4143	BLACK
4144	BLACK
4145	BLACK
4146	BLACK
4147	WHITE
4148	WHITE
4149	WHITE
4150	WHITE
4151	BLACK
4152	BLACK
4153	WHITE
4154	WHITE
4155	BLACK
4156	BLACK
4157	WHITE
4158	WHITE
4159	BLACK
4160	WHITE
4161	BLACK
4162	BLACK
4163	WHITE
4164	WHITE
4165	WHITE
4166	WHITE
4167	BLACK
4168	BLACK
4169	BLACK
4170	BLACK
4171	BLACK
4172	BLACK
4173	BLACK
4174	BLACK
4175	WHITE
4176	BLACK
4177	WHITE
4178	WHITE
4179	BLACK
4180	BLACK
4181	BLACK
4182	WHITE
4183	BLACK
4184	WHITE
4185	BLACK
4186	WHITE
4187	BLACK
4188	BLACK
4189	WHITE
4190	WHITE
4191	WHITE
4192	WHITE
4193	BLACK
4194	BLACK
4195	BLACK
4196	BLACK
4197	WHITE
4198	BLACK
4199	WHITE
4200	BLACK
4201	WHITE
4202	BLACK
4203	WHITE
4204	WHITE
4205	BLACK
4206	BLACK
4207	WHITE
4208	BLACK
4209	WHITE
4210	BLACK
4211	BLACK
4212	WHITE
4213	WHITE
4214	WHITE
4215	BLACK
4216	BLACK
4217	WHITE
4218	WHITE
4219	WHITE
4220	WHITE
4221	WHITE
4222	BLACK
4223	BLACK
4224	BLACK
4225	BLACK
4226	BLACK
4227	BLACK
4228	BLACK
4229	WHITE
4230	BLACK
4231	WHITE
4232	BLACK
4233	WHITE
4234	BLACK
4235	BLACK
4236	WHITE
4237	WHITE
4238	WHITE
4239	BLACK
4240	WHITE
4241	BLACK
4242	BLACK
4243	WHITE
4244	WHITE
4245	BLACK
4246	BLACK
4247	BLACK
4248	WHITE
4249	WHITE
4250	WHITE
4251	BLACK
4252	BLACK
4253	WHITE
4254	WHITE
4255	BLACK
4256	BLACK
4257	BLACK
4258	WHITE
4259	WHITE
4260	BLACK
4261	BLACK
4262	BLACK
4263	WHITE
4264	WHITE
4265	BLACK
4266	WHITE
4267	BLACK
4268	WHITE
4269	WHITE
4270	BLACK
4271	WHITE
4272	WHITE
4273	WHITE
4274	BLACK
4275	BLACK
4276	WHITE
4277	WHITE
4278	WHITE
4279	BLACK
4280	BLACK
4281	WHITE
4282	WHITE
4283	WHITE
4284	BLACK
4285	BLACK
4286	BLACK
4287	WHITE
4288	BLACK
4289	BLACK
4290	BLACK
4291	WHITE
4292	WHITE
4293	BLACK
4294	BLACK
4295	WHITE
4296	WHITE
4297	BLACK
4298	WHITE
4299	BLACK
4300	WHITE
4301	BLACK
4302	WHITE
4303	BLACK
4304	WHITE
4305	BLACK
4306	WHITE
4307	WHITE
4308	WHITE
4309	WHITE
4310	BLACK
4311	BLACK
4312	WHITE
4313	BLACK
4314	BLACK
4315	WHITE
4316	WHITE
4317	BLACK
4318	WHITE
4319	WHITE
4320	BLACK
4321	BLACK
4322	WHITE
4323	BLACK
4324	WHITE
4325	BLACK
4326	BLACK
4327	BLACK
4328	WHITE
4329	BLACK
4330	BLACK
4331	WHITE
4332	BLACK
4333	BLACK
4334	BLACK
4335	WHITE
4336	BLACK
4337	WHITE
4338	BLACK
4339	WHITE
4340	WHITE
4341	BLACK
4342	BLACK
4343	WHITE
4344	BLACK
4345	WHITE
4346	BLACK
4347	WHITE
4348	WHITE
4349	BLACK
4350	WHITE
4351	BLACK
4352	WHITE
4353	BLACK
4354	WHITE
4355	BLACK
4356	BLACK
4357	WHITE
4358	WHITE
4359	BLACK
4360	WHITE
4361	WHITE
4362	BLACK
4363	BLACK
4364	BLACK
4365	BLACK
4366	BLACK
4367	WHITE
4368	BLACK
4369	WHITE
4370	WHITE
4371	BLACK
4372	BLACK
4373	BLACK
4374	BLACK
4375	BLACK
4376	BLACK
4377	BLACK
4378	WHITE
4379	WHITE
4380	WHITE
4381	BLACK
4382	WHITE
4383	BLACK
4384	BLACK
4385	WHITE
4386	WHITE
4387	WHITE
4388	BLACK
4389	WHITE
4390	BLACK
4391	WHITE
4392	BLACK
4393	WHITE
4394	BLACK
4395	WHITE
4396	WHITE
4397	WHITE
4398	WHITE
4399	BLACK
4400	BLACK
4401	WHITE
4402	WHITE
4403	WHITE
4404	BLACK
4405	BLACK
4406	BLACK
4407	WHITE
4408	WHITE
4409	WHITE
4410	BLACK
4411	WHITE
4412	WHITE
4413	WHITE
4414	BLACK
4415	BLACK
4416	BLACK
4417	WHITE
4418	BLACK
4419	BLACK
4420	WHITE
4421	WHITE
4422	WHITE
4423	WHITE
4424	WHITE
4425	BLACK
4426	WHITE
4427	WHITE
4428	WHITE
4429	BLACK
4430	BLACK
4431	WHITE
4432	BLACK
4433	WHITE
4434	BLACK
4435	BLACK
4436	BLACK
4437	BLACK
4438	BLACK
4439	BLACK
4440	WHITE
4441	BLACK
4442	BLACK
4443	BLACK
4444	BLACK
4445	WHITE
4446	BLACK
4447	BLACK
4448	BLACK
4449	WHITE
4450	WHITE
4451	WHITE
4452	BLACK
4453	BLACK
4454	BLACK
4455	BLACK
4456	BLACK
4457	BLACK
4458	BLACK
4459	WHITE
4460	WHITE
4461	BLACK
4462	WHITE
4463	BLACK
4464	WHITE
4465	WHITE
4466	BLACK
4467	BLACK
4468	BLACK
4469	BLACK
4470	BLACK
4471	WHITE
4472	WHITE
4473	BLACK
4474	WHITE
4475	WHITE
4476	WHITE
4477	WHITE
4478	WHITE
4479	BLACK
4480	BLACK
4481	WHITE
4482	BLACK
4483	BLACK
4484	WHITE
4485	WHITE
4486	BLACK
4487	BLACK
4488	BLACK
4489	WHITE
4490	WHITE
4491	BLACK
4492	WHITE
4493	WHITE
4494	BLACK
4495	WHITE
4496	WHITE
4497	BLACK
4498	BLACK
4499	WHITE
4500	BLACK
4501	BLACK
4502	WHITE
4503	WHITE
4504	WHITE
4505	WHITE
4506	BLACK
4507	BLACK
4508	BLACK
4509	BLACK
4510	BLACK
4511	WHITE
4512	BLACK
4513	BLACK
4514	BLACK
4515	BLACK
4516	WHITE
4517	BLACK
4518	WHITE
4519	BLACK
4520	BLACK
4521	WHITE
4522	BLACK
4523	WHITE
4524	BLACK
4525	BLACK
4526	BLACK
4527	BLACK
4528	WHITE
4529	WHITE
4530	BLACK
4531	BLACK
4532	BLACK
4533	BLACK
4534	WHITE
4535	BLACK
4536	WHITE
4537	BLACK
4538	BLACK
4539	BLACK
4540	WHITE
4541	BLACK
4542	BLACK
4543	WHITE
4544	BLACK
4545	BLACK
4546	BLACK
4547	BLACK
4548	WHITE
4549	WHITE
4550	WHITE
4551	BLACK
4552	WHITE
4553	WHITE
4554	WHITE
4555	BLACK
4556	BLACK
4557	BLACK
4558	WHITE
4559	BLACK
4560	WHITE
4561	BLACK
4562	BLACK
4563	BLACK
4564	WHITE
4565	BLACK
4566	WHITE
4567	WHITE
4568	BLACK
4569	WHITE
4570	WHITE
4571	WHITE
4572	WHITE
4573	BLACK
4574	BLACK
4575	WHITE
4576	BLACK
4577	WHITE
4578	WHITE
4579	BLACK
4580	WHITE
4581	BLACK
4582	WHITE
4583	WHITE
4584	BLACK
4585	BLACK
4586	WHITE
4587	WHITE
4588	BLACK
4589	BLACK
4590	BLACK
4591	BLACK
4592	BLACK
4593	BLACK
4594	WHITE
4595	WHITE
4596	WHITE
4597	BLACK
4598	WHITE
4599	BLACK
4600	BLACK
4601	BLACK
4602	WHITE
4603	BLACK
4604	WHITE
4605	BLACK
4606	WHITE
4607	BLACK
4608	WHITE
4609	BLACK
4610	BLACK
4611	BLACK
4612	WHITE
4613	BLACK
4614	WHITE
4615	WHITE
4616	WHITE
4617	WHITE
4618	BLACK
4619	WHITE
4620	WHITE
4621	WHITE
4622	BLACK
4623	WHITE
4624	BLACK
4625	WHITE
4626	WHITE
4627	BLACK
4628	BLACK
4629	WHITE
4630	BLACK
4631	BLACK
4632	WHITE
4633	BLACK
4634	BLACK
4635	BLACK
4636	WHITE
4637	WHITE
4638	BLACK
4639	WHITE
4640	BLACK
4641	WHITE
4642	WHITE
4643	WHITE
4644	BLACK
4645	WHITE
4646	WHITE
4647	WHITE
4648	BLACK
4649	BLACK
4650	WHITE
4651	BLACK
4652	WHITE
4653	WHITE
4654	WHITE
4655	BLACK
4656	BLACK
4657	BLACK
4658	WHITE
4659	BLACK
4660	BLACK
4661	WHITE
4662	WHITE
4663	WHITE
4664	BLACK
4665	BLACK
4666	WHITE
4667	WHITE
4668	BLACK
4669	BLACK
4670	WHITE
4671	BLACK
4672	WHITE
4673	WHITE
4674	WHITE
4675	WHITE
4676	WHITE
4677	BLACK
4678	BLACK
4679	WHITE
4680	BLACK
4681	WHITE
4682	BLACK
4683	BLACK
4684	BLACK
4685	BLACK
4686	BLACK
4687	BLACK
4688	WHITE
4689	WHITE
4690	BLACK
4691	WHITE
4692	BLACK
4693	WHITE
4694	BLACK
4695	WHITE
4696	WHITE
4697	BLACK
4698	WHITE
4699	WHITE
4700	BLACK
4701	WHITE
4702	WHITE
4703	WHITE
4704	WHITE
4705	BLACK
4706	BLACK
4707	BLACK
4708	WHITE
4709	BLACK
4710	WHITE
4711	WHITE
4712	WHITE
4713	WHITE
4714	WHITE
4715	WHITE
4716	WHITE
4717	WHITE
4718	WHITE
4719	WHITE
4720	WHITE
4721	WHITE
4722	BLACK
4723	BLACK
4724	WHITE
4725	WHITE
4726	BLACK
4727	BLACK
4728	WHITE
4729	WHITE
4730	WHITE
4731	WHITE
4732	BLACK
4733	BLACK
4734	BLACK
4735	BLACK
4736	WHITE
4737	WHITE
4738	BLACK
4739	BLACK
4740	WHITE
4741	WHITE
4742	BLACK
4743	WHITE
4744	BLACK
4745	BLACK
4746	BLACK
4747	WHITE
4748	WHITE
4749	BLACK
4750	BLACK
4751	BLACK
4752	BLACK
4753	BLACK
4754	WHITE
4755	WHITE
4756	WHITE
4757	BLACK
4758	BLACK
4759	BLACK
4760	BLACK
4761	BLACK
4762	WHITE
4763	WHITE
4764	BLACK
4765	BLACK
4766	WHITE
4767	WHITE
4768	BLACK
4769	BLACK
4770	WHITE
4771	BLACK
4772	WHITE
4773	BLACK
4774	BLACK
4775	WHITE
4776	WHITE
4777	WHITE
4778	BLACK
4779	BLACK
4780	WHITE
4781	WHITE
4782	WHITE
4783	BLACK
4784	BLACK
4785	WHITE
4786	BLACK
4787	WHITE
4788	WHITE
4789	WHITE
4790	WHITE
4791	WHITE
4792	WHITE
4793	BLACK
4794	WHITE
4795	BLACK
4796	WHITE
4797	WHITE
4798	WHITE
4799	WHITE
4800	BLACK
4801	BLACK
4802	BLACK
4803	BLACK
4804	BLACK
4805	BLACK
4806	WHITE
4807	BLACK
4808	BLACK
4809	WHITE
4810	BLACK
4811	BLACK
4812	BLACK
4813	WHITE
4814	WHITE
4815	WHITE
4816	BLACK
4817	WHITE
4818	BLACK
4819	WHITE
4820	BLACK
4821	BLACK
4822	BLACK
4823	WHITE
4824	WHITE
4825	WHITE
4826	WHITE
4827	BLACK
4828	BLACK
4829	BLACK
4830	BLACK
4831	BLACK
4832	BLACK
4833	BLACK
4834	WHITE
4835	BLACK
4836	BLACK
4837	BLACK
4838	WHITE
4839	WHITE
4840	BLACK
4841	WHITE
4842	BLACK
4843	WHITE
4844	WHITE
4845	WHITE
4846	WHITE
4847	BLACK
4848	BLACK
4849	BLACK
4850	BLACK
4851	WHITE
4852	WHITE
4853	BLACK
4854	BLACK
4855	BLACK
4856	BLACK
4857	WHITE
4858	BLACK
4859	WHITE
4860	BLACK
4861	WHITE
4862	BLACK
4863	BLACK
4864	WHITE
4865	WHITE
4866	WHITE
4867	WHITE
4868	BLACK
4869	WHITE
4870	BLACK
4871	BLACK
4872	BLACK
4873	WHITE
4874	BLACK
4875	WHITE
4876	WHITE
4877	BLACK
4878	WHITE
4879	BLACK
4880	WHITE
4881	BLACK
4882	WHITE
4883	BLACK
4884	WHITE
4885	WHITE
4886	WHITE
4887	BLACK
4888	WHITE
4889	WHITE
4890	BLACK
4891	WHITE
4892	BLACK
4893	WHITE
4894	WHITE
4895	BLACK
4896	BLACK
4897	BLACK
4898	BLACK
4899	BLACK
4900	BLACK
4901	WHITE
4902	BLACK
4903	WHITE
4904	BLACK
4905	WHITE
4906	BLACK
4907	BLACK
4908	BLACK
4909	WHITE
4910	BLACK
4911	BLACK
4912	WHITE
4913	WHITE
4914	WHITE
4915	WHITE
4916	BLACK
4917	WHITE
4918	BLACK
4919	WHITE
4920	WHITE
4921	BLACK
4922	WHITE
4923	WHITE
4924	WHITE
4925	WHITE
4926	BLACK
4927	BLACK
4928	BLACK
4929	WHITE
4930	WHITE
4931	BLACK
4932	BLACK
4933	BLACK
4934	WHITE
4935	BLACK
4936	WHITE
4937	WHITE
4938	BLACK
4939	WHITE
4940	WHITE
4941	BLACK
4942	BLACK
4943	WHITE
4944	BLACK
4945	WHITE
4946	WHITE
4947	BLACK
4948	WHITE
4949	BLACK
4950	WHITE
4951	WHITE
4952	BLACK
4953	BLACK
4954	WHITE
4955	BLACK
4956	WHITE
4957	WHITE
4958	BLACK
4959	BLACK
4960	WHITE
4961	BLACK
4962	BLACK
4963	BLACK
4964	WHITE
4965	WHITE
4966	BLACK
4967	WHITE
4968	WHITE
4969	BLACK
4970	WHITE
4971	WHITE
4972	BLACK
4973	WHITE
4974	WHITE
4975	BLACK
4976	WHITE
4977	WHITE
4978	WHITE
4979	WHITE
4980	BLACK
4981	BLACK
4982	WHITE
4983	WHITE
4984	BLACK
4985	WHITE
4986	WHITE
4987	BLACK
4988	BLACK
4989	WHITE
4990	BLACK
4991	BLACK
4992	BLACK
4993	WHITE
4994	WHITE
4995	WHITE
4996	BLACK
4997	WHITE
4998	BLACK
4999	BLACK
5000	BLACK
